2024-09-12 15:33:06 [main] [34mINFO [0;39m o.s.t.c.s.AnnotationConfigContextLoaderUtils - Could not detect default configuration classes for test class [com.zhigalko.consumer.ConsumerApplicationTests]: ConsumerApplicationTests does not declare any static, non-private, non-final, nested classes annotated with @Configuration.
2024-09-12 15:33:06 [main] [34mINFO [0;39m o.s.b.t.c.SpringBootTestContextBootstrapper - Found @SpringBootConfiguration com.zhigalko.consumer.ConsumerApplication for test class com.zhigalko.consumer.ConsumerApplicationTests
2024-09-12 15:33:07 [main] [34mINFO [0;39m c.z.c.ConsumerApplicationTests - Starting ConsumerApplicationTests using Java 17.0.8 with PID 107250 (started by anduser in /home/anduser/dev/assessment/assessment-m2/consumer)
2024-09-12 15:33:07 [main] [34mINFO [0;39m c.z.c.ConsumerApplicationTests - No active profile set, falling back to 1 default profile: "default"
2024-09-12 15:33:07 [main] [34mINFO [0;39m o.s.d.r.c.RepositoryConfigurationDelegate - Bootstrapping Spring Data MongoDB repositories in DEFAULT mode.
2024-09-12 15:33:07 [main] [34mINFO [0;39m o.s.d.r.c.RepositoryConfigurationDelegate - Finished Spring Data repository scanning in 47 ms. Found 2 MongoDB repository interfaces.
2024-09-12 15:33:08 [main] [34mINFO [0;39m org.mongodb.driver.client - MongoClient with metadata {"driver": {"name": "mongo-java-driver|sync|spring-boot", "version": "5.0.1"}, "os": {"type": "Linux", "name": "Linux", "architecture": "amd64", "version": "6.8.0-40-generic"}, "platform": "Java/Amazon.com Inc./17.0.8+7-LTS"} created with settings MongoClientSettings{readPreference=primary, writeConcern=WriteConcern{w=null, wTimeout=null ms, journal=null}, retryWrites=true, retryReads=true, readConcern=ReadConcern{level=null}, credential=MongoCredential{mechanism=null, userName='admin', source='admin', password=<hidden>, mechanismProperties=<hidden>}, transportSettings=null, commandListeners=[], codecRegistry=ProvidersCodecRegistry{codecProviders=[ValueCodecProvider{}, BsonValueCodecProvider{}, DBRefCodecProvider{}, DBObjectCodecProvider{}, DocumentCodecProvider{}, CollectionCodecProvider{}, IterableCodecProvider{}, MapCodecProvider{}, GeoJsonCodecProvider{}, GridFSFileCodecProvider{}, Jsr310CodecProvider{}, JsonObjectCodecProvider{}, BsonCodecProvider{}, EnumCodecProvider{}, com.mongodb.client.model.mql.ExpressionCodecProvider@3bc69ce9, com.mongodb.Jep395RecordCodecProvider@abad89c, com.mongodb.KotlinCodecProvider@602f8f94]}, loggerSettings=LoggerSettings{maxDocumentLength=1000}, clusterSettings={hosts=[localhost:27017], srvServiceName=mongodb, mode=SINGLE, requiredClusterType=UNKNOWN, requiredReplicaSetName='null', serverSelector='null', clusterListeners='[]', serverSelectionTimeout='30000 ms', localThreshold='15 ms'}, socketSettings=SocketSettings{connectTimeoutMS=10000, readTimeoutMS=0, receiveBufferSize=0, proxySettings=ProxySettings{host=null, port=null, username=null, password=null}}, heartbeatSocketSettings=SocketSettings{connectTimeoutMS=10000, readTimeoutMS=10000, receiveBufferSize=0, proxySettings=ProxySettings{host=null, port=null, username=null, password=null}}, connectionPoolSettings=ConnectionPoolSettings{maxSize=100, minSize=0, maxWaitTimeMS=120000, maxConnectionLifeTimeMS=0, maxConnectionIdleTimeMS=0, maintenanceInitialDelayMS=0, maintenanceFrequencyMS=60000, connectionPoolListeners=[], maxConnecting=2}, serverSettings=ServerSettings{heartbeatFrequencyMS=10000, minHeartbeatFrequencyMS=500, serverListeners='[]', serverMonitorListeners='[]'}, sslSettings=SslSettings{enabled=false, invalidHostNameAllowed=false, context=null}, applicationName='null', compressorList=[], uuidRepresentation=JAVA_LEGACY, serverApi=null, autoEncryptionSettings=null, dnsClient=null, inetAddressResolver=null, contextProvider=null}
2024-09-12 15:33:08 [cluster-ClusterId{value='66e2d174fce63f191321232e', description='null'}-localhost:27017] [34mINFO [0;39m org.mongodb.driver.cluster - Exception in monitor thread while connecting to server localhost:27017
com.mongodb.MongoSocketOpenException: Exception opening socket
	at com.mongodb.internal.connection.SocketStream.lambda$open$0(SocketStream.java:86)
	at java.base/java.util.Optional.orElseThrow(Optional.java:403)
	at com.mongodb.internal.connection.SocketStream.open(SocketStream.java:86)
	at com.mongodb.internal.connection.InternalStreamConnection.open(InternalStreamConnection.java:201)
	at com.mongodb.internal.connection.DefaultServerMonitor$ServerMonitorRunnable.lookupServerDescription(DefaultServerMonitor.java:193)
	at com.mongodb.internal.connection.DefaultServerMonitor$ServerMonitorRunnable.run(DefaultServerMonitor.java:153)
	at java.base/java.lang.Thread.run(Thread.java:833)
Caused by: java.net.ConnectException: Connection refused
	at java.base/sun.nio.ch.Net.pollConnect(Native Method)
	at java.base/sun.nio.ch.Net.pollConnectNow(Net.java:672)
	at java.base/sun.nio.ch.NioSocketImpl.timedFinishConnect(NioSocketImpl.java:547)
	at java.base/sun.nio.ch.NioSocketImpl.connect(NioSocketImpl.java:602)
	at java.base/java.net.SocksSocketImpl.connect(SocksSocketImpl.java:327)
	at java.base/java.net.Socket.connect(Socket.java:633)
	at com.mongodb.internal.connection.SocketStreamHelper.initialize(SocketStreamHelper.java:76)
	at com.mongodb.internal.connection.SocketStream.initializeSocket(SocketStream.java:105)
	at com.mongodb.internal.connection.SocketStream.open(SocketStream.java:80)
	... 4 common frames omitted
2024-09-12 15:33:09 [main] [34mINFO [0;39m o.a.k.c.consumer.ConsumerConfig - ConsumerConfig values: 
	allow.auto.create.topics = true
	auto.commit.interval.ms = 5000
	auto.include.jmx.reporter = true
	auto.offset.reset = earliest
	bootstrap.servers = [http://localhost:19092, http://localhost:29092]
	check.crcs = true
	client.dns.lookup = use_all_dns_ips
	client.id = consumer-customersConsumer-1
	client.rack = 
	connections.max.idle.ms = 540000
	default.api.timeout.ms = 60000
	enable.auto.commit = false
	enable.metrics.push = true
	exclude.internal.topics = true
	fetch.max.bytes = 52428800
	fetch.max.wait.ms = 500
	fetch.min.bytes = 1
	group.id = customersConsumer
	group.instance.id = null
	group.protocol = classic
	group.remote.assignor = null
	heartbeat.interval.ms = 3000
	interceptor.classes = []
	internal.leave.group.on.close = true
	internal.throw.on.fetch.stable.offset.unsupported = false
	isolation.level = read_uncommitted
	key.deserializer = class org.springframework.kafka.support.serializer.ErrorHandlingDeserializer
	max.partition.fetch.bytes = 1048576
	max.poll.interval.ms = 300000
	max.poll.records = 500
	metadata.max.age.ms = 300000
	metric.reporters = []
	metrics.num.samples = 2
	metrics.recording.level = INFO
	metrics.sample.window.ms = 30000
	partition.assignment.strategy = [class org.apache.kafka.clients.consumer.RangeAssignor, class org.apache.kafka.clients.consumer.CooperativeStickyAssignor]
	receive.buffer.bytes = 65536
	reconnect.backoff.max.ms = 1000
	reconnect.backoff.ms = 50
	request.timeout.ms = 30000
	retry.backoff.max.ms = 1000
	retry.backoff.ms = 100
	sasl.client.callback.handler.class = null
	sasl.jaas.config = null
	sasl.kerberos.kinit.cmd = /usr/bin/kinit
	sasl.kerberos.min.time.before.relogin = 60000
	sasl.kerberos.service.name = null
	sasl.kerberos.ticket.renew.jitter = 0.05
	sasl.kerberos.ticket.renew.window.factor = 0.8
	sasl.login.callback.handler.class = null
	sasl.login.class = null
	sasl.login.connect.timeout.ms = null
	sasl.login.read.timeout.ms = null
	sasl.login.refresh.buffer.seconds = 300
	sasl.login.refresh.min.period.seconds = 60
	sasl.login.refresh.window.factor = 0.8
	sasl.login.refresh.window.jitter = 0.05
	sasl.login.retry.backoff.max.ms = 10000
	sasl.login.retry.backoff.ms = 100
	sasl.mechanism = GSSAPI
	sasl.oauthbearer.clock.skew.seconds = 30
	sasl.oauthbearer.expected.audience = null
	sasl.oauthbearer.expected.issuer = null
	sasl.oauthbearer.jwks.endpoint.refresh.ms = 3600000
	sasl.oauthbearer.jwks.endpoint.retry.backoff.max.ms = 10000
	sasl.oauthbearer.jwks.endpoint.retry.backoff.ms = 100
	sasl.oauthbearer.jwks.endpoint.url = null
	sasl.oauthbearer.scope.claim.name = scope
	sasl.oauthbearer.sub.claim.name = sub
	sasl.oauthbearer.token.endpoint.url = null
	security.protocol = PLAINTEXT
	security.providers = null
	send.buffer.bytes = 131072
	session.timeout.ms = 45000
	socket.connection.setup.timeout.max.ms = 30000
	socket.connection.setup.timeout.ms = 10000
	ssl.cipher.suites = null
	ssl.enabled.protocols = [TLSv1.2, TLSv1.3]
	ssl.endpoint.identification.algorithm = https
	ssl.engine.factory.class = null
	ssl.key.password = null
	ssl.keymanager.algorithm = SunX509
	ssl.keystore.certificate.chain = null
	ssl.keystore.key = null
	ssl.keystore.location = null
	ssl.keystore.password = null
	ssl.keystore.type = JKS
	ssl.protocol = TLSv1.3
	ssl.provider = null
	ssl.secure.random.implementation = null
	ssl.trustmanager.algorithm = PKIX
	ssl.truststore.certificates = null
	ssl.truststore.location = null
	ssl.truststore.password = null
	ssl.truststore.type = JKS
	value.deserializer = class org.springframework.kafka.support.serializer.ErrorHandlingDeserializer

2024-09-12 15:33:09 [main] [34mINFO [0;39m o.a.k.c.t.i.KafkaMetricsCollector - initializing Kafka metrics collector
2024-09-12 15:33:09 [main] [34mINFO [0;39m i.c.k.s.KafkaAvroDeserializerConfig - KafkaAvroDeserializerConfig values: 
	auto.register.schemas = true
	avro.reflection.allow.null = false
	avro.use.logical.type.converters = false
	basic.auth.credentials.source = URL
	basic.auth.user.info = [hidden]
	bearer.auth.cache.expiry.buffer.seconds = 300
	bearer.auth.client.id = null
	bearer.auth.client.secret = null
	bearer.auth.credentials.source = STATIC_TOKEN
	bearer.auth.custom.provider.class = null
	bearer.auth.identity.pool.id = null
	bearer.auth.issuer.endpoint.url = null
	bearer.auth.logical.cluster = null
	bearer.auth.scope = null
	bearer.auth.scope.claim.name = scope
	bearer.auth.sub.claim.name = sub
	bearer.auth.token = [hidden]
	context.name.strategy = class io.confluent.kafka.serializers.context.NullContextNameStrategy
	http.connect.timeout.ms = 60000
	http.read.timeout.ms = 60000
	id.compatibility.strict = true
	key.subject.name.strategy = class io.confluent.kafka.serializers.subject.TopicNameStrategy
	latest.cache.size = 1000
	latest.cache.ttl.sec = -1
	latest.compatibility.strict = true
	max.schemas.per.subject = 1000
	normalize.schemas = false
	proxy.host = 
	proxy.port = -1
	rule.actions = []
	rule.executors = []
	rule.service.loader.enable = true
	schema.format = null
	schema.reflection = false
	schema.registry.basic.auth.user.info = [hidden]
	schema.registry.ssl.cipher.suites = null
	schema.registry.ssl.enabled.protocols = [TLSv1.2, TLSv1.3]
	schema.registry.ssl.endpoint.identification.algorithm = https
	schema.registry.ssl.engine.factory.class = null
	schema.registry.ssl.key.password = null
	schema.registry.ssl.keymanager.algorithm = SunX509
	schema.registry.ssl.keystore.certificate.chain = null
	schema.registry.ssl.keystore.key = null
	schema.registry.ssl.keystore.location = null
	schema.registry.ssl.keystore.password = null
	schema.registry.ssl.keystore.type = JKS
	schema.registry.ssl.protocol = TLSv1.3
	schema.registry.ssl.provider = null
	schema.registry.ssl.secure.random.implementation = null
	schema.registry.ssl.trustmanager.algorithm = PKIX
	schema.registry.ssl.truststore.certificates = null
	schema.registry.ssl.truststore.location = null
	schema.registry.ssl.truststore.password = null
	schema.registry.ssl.truststore.type = JKS
	schema.registry.url = [http://localhost:8081]
	specific.avro.key.type = null
	specific.avro.reader = true
	specific.avro.value.type = null
	use.latest.version = false
	use.latest.with.metadata = null
	use.schema.id = -1
	value.subject.name.strategy = class io.confluent.kafka.serializers.subject.TopicNameStrategy

2024-09-12 15:33:09 [main] [34mINFO [0;39m i.c.k.s.KafkaAvroDeserializerConfig - KafkaAvroDeserializerConfig values: 
	auto.register.schemas = true
	avro.reflection.allow.null = false
	avro.use.logical.type.converters = false
	basic.auth.credentials.source = URL
	basic.auth.user.info = [hidden]
	bearer.auth.cache.expiry.buffer.seconds = 300
	bearer.auth.client.id = null
	bearer.auth.client.secret = null
	bearer.auth.credentials.source = STATIC_TOKEN
	bearer.auth.custom.provider.class = null
	bearer.auth.identity.pool.id = null
	bearer.auth.issuer.endpoint.url = null
	bearer.auth.logical.cluster = null
	bearer.auth.scope = null
	bearer.auth.scope.claim.name = scope
	bearer.auth.sub.claim.name = sub
	bearer.auth.token = [hidden]
	context.name.strategy = class io.confluent.kafka.serializers.context.NullContextNameStrategy
	http.connect.timeout.ms = 60000
	http.read.timeout.ms = 60000
	id.compatibility.strict = true
	key.subject.name.strategy = class io.confluent.kafka.serializers.subject.TopicNameStrategy
	latest.cache.size = 1000
	latest.cache.ttl.sec = -1
	latest.compatibility.strict = true
	max.schemas.per.subject = 1000
	normalize.schemas = false
	proxy.host = 
	proxy.port = -1
	rule.actions = []
	rule.executors = []
	rule.service.loader.enable = true
	schema.format = null
	schema.reflection = false
	schema.registry.basic.auth.user.info = [hidden]
	schema.registry.ssl.cipher.suites = null
	schema.registry.ssl.enabled.protocols = [TLSv1.2, TLSv1.3]
	schema.registry.ssl.endpoint.identification.algorithm = https
	schema.registry.ssl.engine.factory.class = null
	schema.registry.ssl.key.password = null
	schema.registry.ssl.keymanager.algorithm = SunX509
	schema.registry.ssl.keystore.certificate.chain = null
	schema.registry.ssl.keystore.key = null
	schema.registry.ssl.keystore.location = null
	schema.registry.ssl.keystore.password = null
	schema.registry.ssl.keystore.type = JKS
	schema.registry.ssl.protocol = TLSv1.3
	schema.registry.ssl.provider = null
	schema.registry.ssl.secure.random.implementation = null
	schema.registry.ssl.trustmanager.algorithm = PKIX
	schema.registry.ssl.truststore.certificates = null
	schema.registry.ssl.truststore.location = null
	schema.registry.ssl.truststore.password = null
	schema.registry.ssl.truststore.type = JKS
	schema.registry.url = [http://localhost:8081]
	specific.avro.key.type = null
	specific.avro.reader = true
	specific.avro.value.type = null
	use.latest.version = false
	use.latest.with.metadata = null
	use.schema.id = -1
	value.subject.name.strategy = class io.confluent.kafka.serializers.subject.TopicNameStrategy

2024-09-12 15:33:09 [main] [34mINFO [0;39m o.a.k.c.consumer.ConsumerConfig - These configurations '[schema.registry.url, specific.avro.reader]' were supplied but are not used yet.
2024-09-12 15:33:09 [main] [34mINFO [0;39m o.a.kafka.common.utils.AppInfoParser - Kafka version: 3.7.1
2024-09-12 15:33:09 [main] [34mINFO [0;39m o.a.kafka.common.utils.AppInfoParser - Kafka commitId: e2494e6ffb89f828
2024-09-12 15:33:09 [main] [34mINFO [0;39m o.a.kafka.common.utils.AppInfoParser - Kafka startTimeMs: 1726140789691
2024-09-12 15:33:09 [main] [34mINFO [0;39m o.a.k.c.c.i.LegacyKafkaConsumer - [Consumer clientId=consumer-customersConsumer-1, groupId=customersConsumer] Subscribed to topic(s): DeleteCustomerEventTopic
2024-09-12 15:33:09 [main] [34mINFO [0;39m o.a.k.c.consumer.ConsumerConfig - ConsumerConfig values: 
	allow.auto.create.topics = true
	auto.commit.interval.ms = 5000
	auto.include.jmx.reporter = true
	auto.offset.reset = earliest
	bootstrap.servers = [http://localhost:19092, http://localhost:29092]
	check.crcs = true
	client.dns.lookup = use_all_dns_ips
	client.id = consumer-customersConsumer-2
	client.rack = 
	connections.max.idle.ms = 540000
	default.api.timeout.ms = 60000
	enable.auto.commit = false
	enable.metrics.push = true
	exclude.internal.topics = true
	fetch.max.bytes = 52428800
	fetch.max.wait.ms = 500
	fetch.min.bytes = 1
	group.id = customersConsumer
	group.instance.id = null
	group.protocol = classic
	group.remote.assignor = null
	heartbeat.interval.ms = 3000
	interceptor.classes = []
	internal.leave.group.on.close = true
	internal.throw.on.fetch.stable.offset.unsupported = false
	isolation.level = read_uncommitted
	key.deserializer = class org.springframework.kafka.support.serializer.ErrorHandlingDeserializer
	max.partition.fetch.bytes = 1048576
	max.poll.interval.ms = 300000
	max.poll.records = 500
	metadata.max.age.ms = 300000
	metric.reporters = []
	metrics.num.samples = 2
	metrics.recording.level = INFO
	metrics.sample.window.ms = 30000
	partition.assignment.strategy = [class org.apache.kafka.clients.consumer.RangeAssignor, class org.apache.kafka.clients.consumer.CooperativeStickyAssignor]
	receive.buffer.bytes = 65536
	reconnect.backoff.max.ms = 1000
	reconnect.backoff.ms = 50
	request.timeout.ms = 30000
	retry.backoff.max.ms = 1000
	retry.backoff.ms = 100
	sasl.client.callback.handler.class = null
	sasl.jaas.config = null
	sasl.kerberos.kinit.cmd = /usr/bin/kinit
	sasl.kerberos.min.time.before.relogin = 60000
	sasl.kerberos.service.name = null
	sasl.kerberos.ticket.renew.jitter = 0.05
	sasl.kerberos.ticket.renew.window.factor = 0.8
	sasl.login.callback.handler.class = null
	sasl.login.class = null
	sasl.login.connect.timeout.ms = null
	sasl.login.read.timeout.ms = null
	sasl.login.refresh.buffer.seconds = 300
	sasl.login.refresh.min.period.seconds = 60
	sasl.login.refresh.window.factor = 0.8
	sasl.login.refresh.window.jitter = 0.05
	sasl.login.retry.backoff.max.ms = 10000
	sasl.login.retry.backoff.ms = 100
	sasl.mechanism = GSSAPI
	sasl.oauthbearer.clock.skew.seconds = 30
	sasl.oauthbearer.expected.audience = null
	sasl.oauthbearer.expected.issuer = null
	sasl.oauthbearer.jwks.endpoint.refresh.ms = 3600000
	sasl.oauthbearer.jwks.endpoint.retry.backoff.max.ms = 10000
	sasl.oauthbearer.jwks.endpoint.retry.backoff.ms = 100
	sasl.oauthbearer.jwks.endpoint.url = null
	sasl.oauthbearer.scope.claim.name = scope
	sasl.oauthbearer.sub.claim.name = sub
	sasl.oauthbearer.token.endpoint.url = null
	security.protocol = PLAINTEXT
	security.providers = null
	send.buffer.bytes = 131072
	session.timeout.ms = 45000
	socket.connection.setup.timeout.max.ms = 30000
	socket.connection.setup.timeout.ms = 10000
	ssl.cipher.suites = null
	ssl.enabled.protocols = [TLSv1.2, TLSv1.3]
	ssl.endpoint.identification.algorithm = https
	ssl.engine.factory.class = null
	ssl.key.password = null
	ssl.keymanager.algorithm = SunX509
	ssl.keystore.certificate.chain = null
	ssl.keystore.key = null
	ssl.keystore.location = null
	ssl.keystore.password = null
	ssl.keystore.type = JKS
	ssl.protocol = TLSv1.3
	ssl.provider = null
	ssl.secure.random.implementation = null
	ssl.trustmanager.algorithm = PKIX
	ssl.truststore.certificates = null
	ssl.truststore.location = null
	ssl.truststore.password = null
	ssl.truststore.type = JKS
	value.deserializer = class org.springframework.kafka.support.serializer.ErrorHandlingDeserializer

2024-09-12 15:33:09 [main] [34mINFO [0;39m o.a.k.c.t.i.KafkaMetricsCollector - initializing Kafka metrics collector
2024-09-12 15:33:09 [main] [34mINFO [0;39m i.c.k.s.KafkaAvroDeserializerConfig - KafkaAvroDeserializerConfig values: 
	auto.register.schemas = true
	avro.reflection.allow.null = false
	avro.use.logical.type.converters = false
	basic.auth.credentials.source = URL
	basic.auth.user.info = [hidden]
	bearer.auth.cache.expiry.buffer.seconds = 300
	bearer.auth.client.id = null
	bearer.auth.client.secret = null
	bearer.auth.credentials.source = STATIC_TOKEN
	bearer.auth.custom.provider.class = null
	bearer.auth.identity.pool.id = null
	bearer.auth.issuer.endpoint.url = null
	bearer.auth.logical.cluster = null
	bearer.auth.scope = null
	bearer.auth.scope.claim.name = scope
	bearer.auth.sub.claim.name = sub
	bearer.auth.token = [hidden]
	context.name.strategy = class io.confluent.kafka.serializers.context.NullContextNameStrategy
	http.connect.timeout.ms = 60000
	http.read.timeout.ms = 60000
	id.compatibility.strict = true
	key.subject.name.strategy = class io.confluent.kafka.serializers.subject.TopicNameStrategy
	latest.cache.size = 1000
	latest.cache.ttl.sec = -1
	latest.compatibility.strict = true
	max.schemas.per.subject = 1000
	normalize.schemas = false
	proxy.host = 
	proxy.port = -1
	rule.actions = []
	rule.executors = []
	rule.service.loader.enable = true
	schema.format = null
	schema.reflection = false
	schema.registry.basic.auth.user.info = [hidden]
	schema.registry.ssl.cipher.suites = null
	schema.registry.ssl.enabled.protocols = [TLSv1.2, TLSv1.3]
	schema.registry.ssl.endpoint.identification.algorithm = https
	schema.registry.ssl.engine.factory.class = null
	schema.registry.ssl.key.password = null
	schema.registry.ssl.keymanager.algorithm = SunX509
	schema.registry.ssl.keystore.certificate.chain = null
	schema.registry.ssl.keystore.key = null
	schema.registry.ssl.keystore.location = null
	schema.registry.ssl.keystore.password = null
	schema.registry.ssl.keystore.type = JKS
	schema.registry.ssl.protocol = TLSv1.3
	schema.registry.ssl.provider = null
	schema.registry.ssl.secure.random.implementation = null
	schema.registry.ssl.trustmanager.algorithm = PKIX
	schema.registry.ssl.truststore.certificates = null
	schema.registry.ssl.truststore.location = null
	schema.registry.ssl.truststore.password = null
	schema.registry.ssl.truststore.type = JKS
	schema.registry.url = [http://localhost:8081]
	specific.avro.key.type = null
	specific.avro.reader = true
	specific.avro.value.type = null
	use.latest.version = false
	use.latest.with.metadata = null
	use.schema.id = -1
	value.subject.name.strategy = class io.confluent.kafka.serializers.subject.TopicNameStrategy

2024-09-12 15:33:09 [main] [34mINFO [0;39m i.c.k.s.KafkaAvroDeserializerConfig - KafkaAvroDeserializerConfig values: 
	auto.register.schemas = true
	avro.reflection.allow.null = false
	avro.use.logical.type.converters = false
	basic.auth.credentials.source = URL
	basic.auth.user.info = [hidden]
	bearer.auth.cache.expiry.buffer.seconds = 300
	bearer.auth.client.id = null
	bearer.auth.client.secret = null
	bearer.auth.credentials.source = STATIC_TOKEN
	bearer.auth.custom.provider.class = null
	bearer.auth.identity.pool.id = null
	bearer.auth.issuer.endpoint.url = null
	bearer.auth.logical.cluster = null
	bearer.auth.scope = null
	bearer.auth.scope.claim.name = scope
	bearer.auth.sub.claim.name = sub
	bearer.auth.token = [hidden]
	context.name.strategy = class io.confluent.kafka.serializers.context.NullContextNameStrategy
	http.connect.timeout.ms = 60000
	http.read.timeout.ms = 60000
	id.compatibility.strict = true
	key.subject.name.strategy = class io.confluent.kafka.serializers.subject.TopicNameStrategy
	latest.cache.size = 1000
	latest.cache.ttl.sec = -1
	latest.compatibility.strict = true
	max.schemas.per.subject = 1000
	normalize.schemas = false
	proxy.host = 
	proxy.port = -1
	rule.actions = []
	rule.executors = []
	rule.service.loader.enable = true
	schema.format = null
	schema.reflection = false
	schema.registry.basic.auth.user.info = [hidden]
	schema.registry.ssl.cipher.suites = null
	schema.registry.ssl.enabled.protocols = [TLSv1.2, TLSv1.3]
	schema.registry.ssl.endpoint.identification.algorithm = https
	schema.registry.ssl.engine.factory.class = null
	schema.registry.ssl.key.password = null
	schema.registry.ssl.keymanager.algorithm = SunX509
	schema.registry.ssl.keystore.certificate.chain = null
	schema.registry.ssl.keystore.key = null
	schema.registry.ssl.keystore.location = null
	schema.registry.ssl.keystore.password = null
	schema.registry.ssl.keystore.type = JKS
	schema.registry.ssl.protocol = TLSv1.3
	schema.registry.ssl.provider = null
	schema.registry.ssl.secure.random.implementation = null
	schema.registry.ssl.trustmanager.algorithm = PKIX
	schema.registry.ssl.truststore.certificates = null
	schema.registry.ssl.truststore.location = null
	schema.registry.ssl.truststore.password = null
	schema.registry.ssl.truststore.type = JKS
	schema.registry.url = [http://localhost:8081]
	specific.avro.key.type = null
	specific.avro.reader = true
	specific.avro.value.type = null
	use.latest.version = false
	use.latest.with.metadata = null
	use.schema.id = -1
	value.subject.name.strategy = class io.confluent.kafka.serializers.subject.TopicNameStrategy

2024-09-12 15:33:09 [main] [34mINFO [0;39m o.a.k.c.consumer.ConsumerConfig - These configurations '[schema.registry.url, specific.avro.reader]' were supplied but are not used yet.
2024-09-12 15:33:09 [main] [34mINFO [0;39m o.a.kafka.common.utils.AppInfoParser - Kafka version: 3.7.1
2024-09-12 15:33:09 [main] [34mINFO [0;39m o.a.kafka.common.utils.AppInfoParser - Kafka commitId: e2494e6ffb89f828
2024-09-12 15:33:09 [main] [34mINFO [0;39m o.a.kafka.common.utils.AppInfoParser - Kafka startTimeMs: 1726140789720
2024-09-12 15:33:09 [main] [34mINFO [0;39m o.a.k.c.c.i.LegacyKafkaConsumer - [Consumer clientId=consumer-customersConsumer-2, groupId=customersConsumer] Subscribed to topic(s): CreateCustomerEventTopic
2024-09-12 15:33:09 [main] [34mINFO [0;39m o.a.k.c.consumer.ConsumerConfig - ConsumerConfig values: 
	allow.auto.create.topics = true
	auto.commit.interval.ms = 5000
	auto.include.jmx.reporter = true
	auto.offset.reset = earliest
	bootstrap.servers = [http://localhost:19092, http://localhost:29092]
	check.crcs = true
	client.dns.lookup = use_all_dns_ips
	client.id = consumer-customersConsumer-3
	client.rack = 
	connections.max.idle.ms = 540000
	default.api.timeout.ms = 60000
	enable.auto.commit = false
	enable.metrics.push = true
	exclude.internal.topics = true
	fetch.max.bytes = 52428800
	fetch.max.wait.ms = 500
	fetch.min.bytes = 1
	group.id = customersConsumer
	group.instance.id = null
	group.protocol = classic
	group.remote.assignor = null
	heartbeat.interval.ms = 3000
	interceptor.classes = []
	internal.leave.group.on.close = true
	internal.throw.on.fetch.stable.offset.unsupported = false
	isolation.level = read_uncommitted
	key.deserializer = class org.springframework.kafka.support.serializer.ErrorHandlingDeserializer
	max.partition.fetch.bytes = 1048576
	max.poll.interval.ms = 300000
	max.poll.records = 500
	metadata.max.age.ms = 300000
	metric.reporters = []
	metrics.num.samples = 2
	metrics.recording.level = INFO
	metrics.sample.window.ms = 30000
	partition.assignment.strategy = [class org.apache.kafka.clients.consumer.RangeAssignor, class org.apache.kafka.clients.consumer.CooperativeStickyAssignor]
	receive.buffer.bytes = 65536
	reconnect.backoff.max.ms = 1000
	reconnect.backoff.ms = 50
	request.timeout.ms = 30000
	retry.backoff.max.ms = 1000
	retry.backoff.ms = 100
	sasl.client.callback.handler.class = null
	sasl.jaas.config = null
	sasl.kerberos.kinit.cmd = /usr/bin/kinit
	sasl.kerberos.min.time.before.relogin = 60000
	sasl.kerberos.service.name = null
	sasl.kerberos.ticket.renew.jitter = 0.05
	sasl.kerberos.ticket.renew.window.factor = 0.8
	sasl.login.callback.handler.class = null
	sasl.login.class = null
	sasl.login.connect.timeout.ms = null
	sasl.login.read.timeout.ms = null
	sasl.login.refresh.buffer.seconds = 300
	sasl.login.refresh.min.period.seconds = 60
	sasl.login.refresh.window.factor = 0.8
	sasl.login.refresh.window.jitter = 0.05
	sasl.login.retry.backoff.max.ms = 10000
	sasl.login.retry.backoff.ms = 100
	sasl.mechanism = GSSAPI
	sasl.oauthbearer.clock.skew.seconds = 30
	sasl.oauthbearer.expected.audience = null
	sasl.oauthbearer.expected.issuer = null
	sasl.oauthbearer.jwks.endpoint.refresh.ms = 3600000
	sasl.oauthbearer.jwks.endpoint.retry.backoff.max.ms = 10000
	sasl.oauthbearer.jwks.endpoint.retry.backoff.ms = 100
	sasl.oauthbearer.jwks.endpoint.url = null
	sasl.oauthbearer.scope.claim.name = scope
	sasl.oauthbearer.sub.claim.name = sub
	sasl.oauthbearer.token.endpoint.url = null
	security.protocol = PLAINTEXT
	security.providers = null
	send.buffer.bytes = 131072
	session.timeout.ms = 45000
	socket.connection.setup.timeout.max.ms = 30000
	socket.connection.setup.timeout.ms = 10000
	ssl.cipher.suites = null
	ssl.enabled.protocols = [TLSv1.2, TLSv1.3]
	ssl.endpoint.identification.algorithm = https
	ssl.engine.factory.class = null
	ssl.key.password = null
	ssl.keymanager.algorithm = SunX509
	ssl.keystore.certificate.chain = null
	ssl.keystore.key = null
	ssl.keystore.location = null
	ssl.keystore.password = null
	ssl.keystore.type = JKS
	ssl.protocol = TLSv1.3
	ssl.provider = null
	ssl.secure.random.implementation = null
	ssl.trustmanager.algorithm = PKIX
	ssl.truststore.certificates = null
	ssl.truststore.location = null
	ssl.truststore.password = null
	ssl.truststore.type = JKS
	value.deserializer = class org.springframework.kafka.support.serializer.ErrorHandlingDeserializer

2024-09-12 15:33:09 [main] [34mINFO [0;39m o.a.k.c.t.i.KafkaMetricsCollector - initializing Kafka metrics collector
2024-09-12 15:33:09 [main] [34mINFO [0;39m i.c.k.s.KafkaAvroDeserializerConfig - KafkaAvroDeserializerConfig values: 
	auto.register.schemas = true
	avro.reflection.allow.null = false
	avro.use.logical.type.converters = false
	basic.auth.credentials.source = URL
	basic.auth.user.info = [hidden]
	bearer.auth.cache.expiry.buffer.seconds = 300
	bearer.auth.client.id = null
	bearer.auth.client.secret = null
	bearer.auth.credentials.source = STATIC_TOKEN
	bearer.auth.custom.provider.class = null
	bearer.auth.identity.pool.id = null
	bearer.auth.issuer.endpoint.url = null
	bearer.auth.logical.cluster = null
	bearer.auth.scope = null
	bearer.auth.scope.claim.name = scope
	bearer.auth.sub.claim.name = sub
	bearer.auth.token = [hidden]
	context.name.strategy = class io.confluent.kafka.serializers.context.NullContextNameStrategy
	http.connect.timeout.ms = 60000
	http.read.timeout.ms = 60000
	id.compatibility.strict = true
	key.subject.name.strategy = class io.confluent.kafka.serializers.subject.TopicNameStrategy
	latest.cache.size = 1000
	latest.cache.ttl.sec = -1
	latest.compatibility.strict = true
	max.schemas.per.subject = 1000
	normalize.schemas = false
	proxy.host = 
	proxy.port = -1
	rule.actions = []
	rule.executors = []
	rule.service.loader.enable = true
	schema.format = null
	schema.reflection = false
	schema.registry.basic.auth.user.info = [hidden]
	schema.registry.ssl.cipher.suites = null
	schema.registry.ssl.enabled.protocols = [TLSv1.2, TLSv1.3]
	schema.registry.ssl.endpoint.identification.algorithm = https
	schema.registry.ssl.engine.factory.class = null
	schema.registry.ssl.key.password = null
	schema.registry.ssl.keymanager.algorithm = SunX509
	schema.registry.ssl.keystore.certificate.chain = null
	schema.registry.ssl.keystore.key = null
	schema.registry.ssl.keystore.location = null
	schema.registry.ssl.keystore.password = null
	schema.registry.ssl.keystore.type = JKS
	schema.registry.ssl.protocol = TLSv1.3
	schema.registry.ssl.provider = null
	schema.registry.ssl.secure.random.implementation = null
	schema.registry.ssl.trustmanager.algorithm = PKIX
	schema.registry.ssl.truststore.certificates = null
	schema.registry.ssl.truststore.location = null
	schema.registry.ssl.truststore.password = null
	schema.registry.ssl.truststore.type = JKS
	schema.registry.url = [http://localhost:8081]
	specific.avro.key.type = null
	specific.avro.reader = true
	specific.avro.value.type = null
	use.latest.version = false
	use.latest.with.metadata = null
	use.schema.id = -1
	value.subject.name.strategy = class io.confluent.kafka.serializers.subject.TopicNameStrategy

2024-09-12 15:33:09 [main] [34mINFO [0;39m i.c.k.s.KafkaAvroDeserializerConfig - KafkaAvroDeserializerConfig values: 
	auto.register.schemas = true
	avro.reflection.allow.null = false
	avro.use.logical.type.converters = false
	basic.auth.credentials.source = URL
	basic.auth.user.info = [hidden]
	bearer.auth.cache.expiry.buffer.seconds = 300
	bearer.auth.client.id = null
	bearer.auth.client.secret = null
	bearer.auth.credentials.source = STATIC_TOKEN
	bearer.auth.custom.provider.class = null
	bearer.auth.identity.pool.id = null
	bearer.auth.issuer.endpoint.url = null
	bearer.auth.logical.cluster = null
	bearer.auth.scope = null
	bearer.auth.scope.claim.name = scope
	bearer.auth.sub.claim.name = sub
	bearer.auth.token = [hidden]
	context.name.strategy = class io.confluent.kafka.serializers.context.NullContextNameStrategy
	http.connect.timeout.ms = 60000
	http.read.timeout.ms = 60000
	id.compatibility.strict = true
	key.subject.name.strategy = class io.confluent.kafka.serializers.subject.TopicNameStrategy
	latest.cache.size = 1000
	latest.cache.ttl.sec = -1
	latest.compatibility.strict = true
	max.schemas.per.subject = 1000
	normalize.schemas = false
	proxy.host = 
	proxy.port = -1
	rule.actions = []
	rule.executors = []
	rule.service.loader.enable = true
	schema.format = null
	schema.reflection = false
	schema.registry.basic.auth.user.info = [hidden]
	schema.registry.ssl.cipher.suites = null
	schema.registry.ssl.enabled.protocols = [TLSv1.2, TLSv1.3]
	schema.registry.ssl.endpoint.identification.algorithm = https
	schema.registry.ssl.engine.factory.class = null
	schema.registry.ssl.key.password = null
	schema.registry.ssl.keymanager.algorithm = SunX509
	schema.registry.ssl.keystore.certificate.chain = null
	schema.registry.ssl.keystore.key = null
	schema.registry.ssl.keystore.location = null
	schema.registry.ssl.keystore.password = null
	schema.registry.ssl.keystore.type = JKS
	schema.registry.ssl.protocol = TLSv1.3
	schema.registry.ssl.provider = null
	schema.registry.ssl.secure.random.implementation = null
	schema.registry.ssl.trustmanager.algorithm = PKIX
	schema.registry.ssl.truststore.certificates = null
	schema.registry.ssl.truststore.location = null
	schema.registry.ssl.truststore.password = null
	schema.registry.ssl.truststore.type = JKS
	schema.registry.url = [http://localhost:8081]
	specific.avro.key.type = null
	specific.avro.reader = true
	specific.avro.value.type = null
	use.latest.version = false
	use.latest.with.metadata = null
	use.schema.id = -1
	value.subject.name.strategy = class io.confluent.kafka.serializers.subject.TopicNameStrategy

2024-09-12 15:33:09 [main] [34mINFO [0;39m o.a.k.c.consumer.ConsumerConfig - These configurations '[schema.registry.url, specific.avro.reader]' were supplied but are not used yet.
2024-09-12 15:33:09 [main] [34mINFO [0;39m o.a.kafka.common.utils.AppInfoParser - Kafka version: 3.7.1
2024-09-12 15:33:09 [main] [34mINFO [0;39m o.a.kafka.common.utils.AppInfoParser - Kafka commitId: e2494e6ffb89f828
2024-09-12 15:33:09 [main] [34mINFO [0;39m o.a.kafka.common.utils.AppInfoParser - Kafka startTimeMs: 1726140789738
2024-09-12 15:33:09 [main] [34mINFO [0;39m o.a.k.c.c.i.LegacyKafkaConsumer - [Consumer clientId=consumer-customersConsumer-3, groupId=customersConsumer] Subscribed to topic(s): UpdateCustomerNameEventTopic
2024-09-12 15:33:09 [main] [34mINFO [0;39m o.a.k.c.consumer.ConsumerConfig - ConsumerConfig values: 
	allow.auto.create.topics = true
	auto.commit.interval.ms = 5000
	auto.include.jmx.reporter = true
	auto.offset.reset = earliest
	bootstrap.servers = [http://localhost:19092, http://localhost:29092]
	check.crcs = true
	client.dns.lookup = use_all_dns_ips
	client.id = consumer-customersConsumer-4
	client.rack = 
	connections.max.idle.ms = 540000
	default.api.timeout.ms = 60000
	enable.auto.commit = false
	enable.metrics.push = true
	exclude.internal.topics = true
	fetch.max.bytes = 52428800
	fetch.max.wait.ms = 500
	fetch.min.bytes = 1
	group.id = customersConsumer
	group.instance.id = null
	group.protocol = classic
	group.remote.assignor = null
	heartbeat.interval.ms = 3000
	interceptor.classes = []
	internal.leave.group.on.close = true
	internal.throw.on.fetch.stable.offset.unsupported = false
	isolation.level = read_uncommitted
	key.deserializer = class org.springframework.kafka.support.serializer.ErrorHandlingDeserializer
	max.partition.fetch.bytes = 1048576
	max.poll.interval.ms = 300000
	max.poll.records = 500
	metadata.max.age.ms = 300000
	metric.reporters = []
	metrics.num.samples = 2
	metrics.recording.level = INFO
	metrics.sample.window.ms = 30000
	partition.assignment.strategy = [class org.apache.kafka.clients.consumer.RangeAssignor, class org.apache.kafka.clients.consumer.CooperativeStickyAssignor]
	receive.buffer.bytes = 65536
	reconnect.backoff.max.ms = 1000
	reconnect.backoff.ms = 50
	request.timeout.ms = 30000
	retry.backoff.max.ms = 1000
	retry.backoff.ms = 100
	sasl.client.callback.handler.class = null
	sasl.jaas.config = null
	sasl.kerberos.kinit.cmd = /usr/bin/kinit
	sasl.kerberos.min.time.before.relogin = 60000
	sasl.kerberos.service.name = null
	sasl.kerberos.ticket.renew.jitter = 0.05
	sasl.kerberos.ticket.renew.window.factor = 0.8
	sasl.login.callback.handler.class = null
	sasl.login.class = null
	sasl.login.connect.timeout.ms = null
	sasl.login.read.timeout.ms = null
	sasl.login.refresh.buffer.seconds = 300
	sasl.login.refresh.min.period.seconds = 60
	sasl.login.refresh.window.factor = 0.8
	sasl.login.refresh.window.jitter = 0.05
	sasl.login.retry.backoff.max.ms = 10000
	sasl.login.retry.backoff.ms = 100
	sasl.mechanism = GSSAPI
	sasl.oauthbearer.clock.skew.seconds = 30
	sasl.oauthbearer.expected.audience = null
	sasl.oauthbearer.expected.issuer = null
	sasl.oauthbearer.jwks.endpoint.refresh.ms = 3600000
	sasl.oauthbearer.jwks.endpoint.retry.backoff.max.ms = 10000
	sasl.oauthbearer.jwks.endpoint.retry.backoff.ms = 100
	sasl.oauthbearer.jwks.endpoint.url = null
	sasl.oauthbearer.scope.claim.name = scope
	sasl.oauthbearer.sub.claim.name = sub
	sasl.oauthbearer.token.endpoint.url = null
	security.protocol = PLAINTEXT
	security.providers = null
	send.buffer.bytes = 131072
	session.timeout.ms = 45000
	socket.connection.setup.timeout.max.ms = 30000
	socket.connection.setup.timeout.ms = 10000
	ssl.cipher.suites = null
	ssl.enabled.protocols = [TLSv1.2, TLSv1.3]
	ssl.endpoint.identification.algorithm = https
	ssl.engine.factory.class = null
	ssl.key.password = null
	ssl.keymanager.algorithm = SunX509
	ssl.keystore.certificate.chain = null
	ssl.keystore.key = null
	ssl.keystore.location = null
	ssl.keystore.password = null
	ssl.keystore.type = JKS
	ssl.protocol = TLSv1.3
	ssl.provider = null
	ssl.secure.random.implementation = null
	ssl.trustmanager.algorithm = PKIX
	ssl.truststore.certificates = null
	ssl.truststore.location = null
	ssl.truststore.password = null
	ssl.truststore.type = JKS
	value.deserializer = class org.springframework.kafka.support.serializer.ErrorHandlingDeserializer

2024-09-12 15:33:09 [main] [34mINFO [0;39m o.a.k.c.t.i.KafkaMetricsCollector - initializing Kafka metrics collector
2024-09-12 15:33:09 [main] [34mINFO [0;39m i.c.k.s.KafkaAvroDeserializerConfig - KafkaAvroDeserializerConfig values: 
	auto.register.schemas = true
	avro.reflection.allow.null = false
	avro.use.logical.type.converters = false
	basic.auth.credentials.source = URL
	basic.auth.user.info = [hidden]
	bearer.auth.cache.expiry.buffer.seconds = 300
	bearer.auth.client.id = null
	bearer.auth.client.secret = null
	bearer.auth.credentials.source = STATIC_TOKEN
	bearer.auth.custom.provider.class = null
	bearer.auth.identity.pool.id = null
	bearer.auth.issuer.endpoint.url = null
	bearer.auth.logical.cluster = null
	bearer.auth.scope = null
	bearer.auth.scope.claim.name = scope
	bearer.auth.sub.claim.name = sub
	bearer.auth.token = [hidden]
	context.name.strategy = class io.confluent.kafka.serializers.context.NullContextNameStrategy
	http.connect.timeout.ms = 60000
	http.read.timeout.ms = 60000
	id.compatibility.strict = true
	key.subject.name.strategy = class io.confluent.kafka.serializers.subject.TopicNameStrategy
	latest.cache.size = 1000
	latest.cache.ttl.sec = -1
	latest.compatibility.strict = true
	max.schemas.per.subject = 1000
	normalize.schemas = false
	proxy.host = 
	proxy.port = -1
	rule.actions = []
	rule.executors = []
	rule.service.loader.enable = true
	schema.format = null
	schema.reflection = false
	schema.registry.basic.auth.user.info = [hidden]
	schema.registry.ssl.cipher.suites = null
	schema.registry.ssl.enabled.protocols = [TLSv1.2, TLSv1.3]
	schema.registry.ssl.endpoint.identification.algorithm = https
	schema.registry.ssl.engine.factory.class = null
	schema.registry.ssl.key.password = null
	schema.registry.ssl.keymanager.algorithm = SunX509
	schema.registry.ssl.keystore.certificate.chain = null
	schema.registry.ssl.keystore.key = null
	schema.registry.ssl.keystore.location = null
	schema.registry.ssl.keystore.password = null
	schema.registry.ssl.keystore.type = JKS
	schema.registry.ssl.protocol = TLSv1.3
	schema.registry.ssl.provider = null
	schema.registry.ssl.secure.random.implementation = null
	schema.registry.ssl.trustmanager.algorithm = PKIX
	schema.registry.ssl.truststore.certificates = null
	schema.registry.ssl.truststore.location = null
	schema.registry.ssl.truststore.password = null
	schema.registry.ssl.truststore.type = JKS
	schema.registry.url = [http://localhost:8081]
	specific.avro.key.type = null
	specific.avro.reader = true
	specific.avro.value.type = null
	use.latest.version = false
	use.latest.with.metadata = null
	use.schema.id = -1
	value.subject.name.strategy = class io.confluent.kafka.serializers.subject.TopicNameStrategy

2024-09-12 15:33:09 [main] [34mINFO [0;39m i.c.k.s.KafkaAvroDeserializerConfig - KafkaAvroDeserializerConfig values: 
	auto.register.schemas = true
	avro.reflection.allow.null = false
	avro.use.logical.type.converters = false
	basic.auth.credentials.source = URL
	basic.auth.user.info = [hidden]
	bearer.auth.cache.expiry.buffer.seconds = 300
	bearer.auth.client.id = null
	bearer.auth.client.secret = null
	bearer.auth.credentials.source = STATIC_TOKEN
	bearer.auth.custom.provider.class = null
	bearer.auth.identity.pool.id = null
	bearer.auth.issuer.endpoint.url = null
	bearer.auth.logical.cluster = null
	bearer.auth.scope = null
	bearer.auth.scope.claim.name = scope
	bearer.auth.sub.claim.name = sub
	bearer.auth.token = [hidden]
	context.name.strategy = class io.confluent.kafka.serializers.context.NullContextNameStrategy
	http.connect.timeout.ms = 60000
	http.read.timeout.ms = 60000
	id.compatibility.strict = true
	key.subject.name.strategy = class io.confluent.kafka.serializers.subject.TopicNameStrategy
	latest.cache.size = 1000
	latest.cache.ttl.sec = -1
	latest.compatibility.strict = true
	max.schemas.per.subject = 1000
	normalize.schemas = false
	proxy.host = 
	proxy.port = -1
	rule.actions = []
	rule.executors = []
	rule.service.loader.enable = true
	schema.format = null
	schema.reflection = false
	schema.registry.basic.auth.user.info = [hidden]
	schema.registry.ssl.cipher.suites = null
	schema.registry.ssl.enabled.protocols = [TLSv1.2, TLSv1.3]
	schema.registry.ssl.endpoint.identification.algorithm = https
	schema.registry.ssl.engine.factory.class = null
	schema.registry.ssl.key.password = null
	schema.registry.ssl.keymanager.algorithm = SunX509
	schema.registry.ssl.keystore.certificate.chain = null
	schema.registry.ssl.keystore.key = null
	schema.registry.ssl.keystore.location = null
	schema.registry.ssl.keystore.password = null
	schema.registry.ssl.keystore.type = JKS
	schema.registry.ssl.protocol = TLSv1.3
	schema.registry.ssl.provider = null
	schema.registry.ssl.secure.random.implementation = null
	schema.registry.ssl.trustmanager.algorithm = PKIX
	schema.registry.ssl.truststore.certificates = null
	schema.registry.ssl.truststore.location = null
	schema.registry.ssl.truststore.password = null
	schema.registry.ssl.truststore.type = JKS
	schema.registry.url = [http://localhost:8081]
	specific.avro.key.type = null
	specific.avro.reader = true
	specific.avro.value.type = null
	use.latest.version = false
	use.latest.with.metadata = null
	use.schema.id = -1
	value.subject.name.strategy = class io.confluent.kafka.serializers.subject.TopicNameStrategy

2024-09-12 15:33:09 [main] [34mINFO [0;39m o.a.k.c.consumer.ConsumerConfig - These configurations '[schema.registry.url, specific.avro.reader]' were supplied but are not used yet.
2024-09-12 15:33:09 [main] [34mINFO [0;39m o.a.kafka.common.utils.AppInfoParser - Kafka version: 3.7.1
2024-09-12 15:33:09 [main] [34mINFO [0;39m o.a.kafka.common.utils.AppInfoParser - Kafka commitId: e2494e6ffb89f828
2024-09-12 15:33:09 [main] [34mINFO [0;39m o.a.kafka.common.utils.AppInfoParser - Kafka startTimeMs: 1726140789753
2024-09-12 15:33:09 [main] [34mINFO [0;39m o.a.k.c.c.i.LegacyKafkaConsumer - [Consumer clientId=consumer-customersConsumer-4, groupId=customersConsumer] Subscribed to topic(s): UpdateCustomerAddressEventTopic
2024-09-12 15:33:09 [main] [34mINFO [0;39m c.z.c.ConsumerApplicationTests - Started ConsumerApplicationTests in 3.163 seconds (process running for 4.622)
2024-09-12 15:33:10 [org.springframework.kafka.KafkaListenerEndpointContainer#2-0-C-1] [34mINFO [0;39m o.apache.kafka.clients.NetworkClient - [Consumer clientId=consumer-customersConsumer-1, groupId=customersConsumer] Node -1 disconnected.
2024-09-12 15:33:10 [org.springframework.kafka.KafkaListenerEndpointContainer#0-0-C-1] [34mINFO [0;39m o.apache.kafka.clients.NetworkClient - [Consumer clientId=consumer-customersConsumer-3, groupId=customersConsumer] Node -1 disconnected.
2024-09-12 15:33:10 [org.springframework.kafka.KafkaListenerEndpointContainer#1-0-C-1] [34mINFO [0;39m o.apache.kafka.clients.NetworkClient - [Consumer clientId=consumer-customersConsumer-4, groupId=customersConsumer] Node -1 disconnected.
2024-09-12 15:33:10 [org.springframework.kafka.KafkaListenerEndpointContainer#3-0-C-1] [34mINFO [0;39m o.apache.kafka.clients.NetworkClient - [Consumer clientId=consumer-customersConsumer-2, groupId=customersConsumer] Node -2 disconnected.
2024-09-12 15:33:10 [org.springframework.kafka.KafkaListenerEndpointContainer#2-0-C-1] [31mWARN [0;39m o.apache.kafka.clients.NetworkClient - [Consumer clientId=consumer-customersConsumer-1, groupId=customersConsumer] Connection to node -1 (localhost/127.0.0.1:19092) could not be established. Node may not be available.
2024-09-12 15:33:10 [org.springframework.kafka.KafkaListenerEndpointContainer#3-0-C-1] [31mWARN [0;39m o.apache.kafka.clients.NetworkClient - [Consumer clientId=consumer-customersConsumer-2, groupId=customersConsumer] Connection to node -2 (localhost/127.0.0.1:29092) could not be established. Node may not be available.
2024-09-12 15:33:10 [org.springframework.kafka.KafkaListenerEndpointContainer#0-0-C-1] [31mWARN [0;39m o.apache.kafka.clients.NetworkClient - [Consumer clientId=consumer-customersConsumer-3, groupId=customersConsumer] Connection to node -1 (localhost/127.0.0.1:19092) could not be established. Node may not be available.
2024-09-12 15:33:10 [org.springframework.kafka.KafkaListenerEndpointContainer#1-0-C-1] [31mWARN [0;39m o.apache.kafka.clients.NetworkClient - [Consumer clientId=consumer-customersConsumer-4, groupId=customersConsumer] Connection to node -1 (localhost/127.0.0.1:19092) could not be established. Node may not be available.
2024-09-12 15:33:10 [org.springframework.kafka.KafkaListenerEndpointContainer#2-0-C-1] [31mWARN [0;39m o.apache.kafka.clients.NetworkClient - [Consumer clientId=consumer-customersConsumer-1, groupId=customersConsumer] Bootstrap broker localhost:19092 (id: -1 rack: null) disconnected
2024-09-12 15:33:10 [org.springframework.kafka.KafkaListenerEndpointContainer#1-0-C-1] [31mWARN [0;39m o.apache.kafka.clients.NetworkClient - [Consumer clientId=consumer-customersConsumer-4, groupId=customersConsumer] Bootstrap broker localhost:19092 (id: -1 rack: null) disconnected
2024-09-12 15:33:10 [org.springframework.kafka.KafkaListenerEndpointContainer#0-0-C-1] [31mWARN [0;39m o.apache.kafka.clients.NetworkClient - [Consumer clientId=consumer-customersConsumer-3, groupId=customersConsumer] Bootstrap broker localhost:19092 (id: -1 rack: null) disconnected
2024-09-12 15:33:10 [org.springframework.kafka.KafkaListenerEndpointContainer#3-0-C-1] [31mWARN [0;39m o.apache.kafka.clients.NetworkClient - [Consumer clientId=consumer-customersConsumer-2, groupId=customersConsumer] Bootstrap broker localhost:29092 (id: -2 rack: null) disconnected
2024-09-12 15:33:10 [org.springframework.kafka.KafkaListenerEndpointContainer#0-0-C-1] [34mINFO [0;39m o.apache.kafka.clients.NetworkClient - [Consumer clientId=consumer-customersConsumer-3, groupId=customersConsumer] Node -2 disconnected.
2024-09-12 15:33:10 [org.springframework.kafka.KafkaListenerEndpointContainer#0-0-C-1] [31mWARN [0;39m o.apache.kafka.clients.NetworkClient - [Consumer clientId=consumer-customersConsumer-3, groupId=customersConsumer] Connection to node -2 (localhost/127.0.0.1:29092) could not be established. Node may not be available.
2024-09-12 15:33:10 [org.springframework.kafka.KafkaListenerEndpointContainer#0-0-C-1] [31mWARN [0;39m o.apache.kafka.clients.NetworkClient - [Consumer clientId=consumer-customersConsumer-3, groupId=customersConsumer] Bootstrap broker localhost:29092 (id: -2 rack: null) disconnected
2024-09-12 15:33:10 [org.springframework.kafka.KafkaListenerEndpointContainer#0-0-C-1] [34mINFO [0;39m o.apache.kafka.clients.NetworkClient - [Consumer clientId=consumer-customersConsumer-3, groupId=customersConsumer] Node -1 disconnected.
2024-09-12 15:33:10 [org.springframework.kafka.KafkaListenerEndpointContainer#0-0-C-1] [31mWARN [0;39m o.apache.kafka.clients.NetworkClient - [Consumer clientId=consumer-customersConsumer-3, groupId=customersConsumer] Connection to node -1 (localhost/127.0.0.1:19092) could not be established. Node may not be available.
2024-09-12 15:33:10 [org.springframework.kafka.KafkaListenerEndpointContainer#0-0-C-1] [31mWARN [0;39m o.apache.kafka.clients.NetworkClient - [Consumer clientId=consumer-customersConsumer-3, groupId=customersConsumer] Bootstrap broker localhost:19092 (id: -1 rack: null) disconnected
2024-09-12 15:33:10 [org.springframework.kafka.KafkaListenerEndpointContainer#2-0-C-1] [34mINFO [0;39m o.apache.kafka.clients.NetworkClient - [Consumer clientId=consumer-customersConsumer-1, groupId=customersConsumer] Node -2 disconnected.
2024-09-12 15:33:10 [org.springframework.kafka.KafkaListenerEndpointContainer#2-0-C-1] [31mWARN [0;39m o.apache.kafka.clients.NetworkClient - [Consumer clientId=consumer-customersConsumer-1, groupId=customersConsumer] Connection to node -2 (localhost/127.0.0.1:29092) could not be established. Node may not be available.
2024-09-12 15:33:10 [org.springframework.kafka.KafkaListenerEndpointContainer#2-0-C-1] [31mWARN [0;39m o.apache.kafka.clients.NetworkClient - [Consumer clientId=consumer-customersConsumer-1, groupId=customersConsumer] Bootstrap broker localhost:29092 (id: -2 rack: null) disconnected
2024-09-12 15:33:10 [org.springframework.kafka.KafkaListenerEndpointContainer#2-0-C-1] [34mINFO [0;39m o.apache.kafka.clients.NetworkClient - [Consumer clientId=consumer-customersConsumer-1, groupId=customersConsumer] Node -1 disconnected.
2024-09-12 15:33:10 [org.springframework.kafka.KafkaListenerEndpointContainer#2-0-C-1] [31mWARN [0;39m o.apache.kafka.clients.NetworkClient - [Consumer clientId=consumer-customersConsumer-1, groupId=customersConsumer] Connection to node -1 (localhost/127.0.0.1:19092) could not be established. Node may not be available.
2024-09-12 15:33:10 [org.springframework.kafka.KafkaListenerEndpointContainer#2-0-C-1] [31mWARN [0;39m o.apache.kafka.clients.NetworkClient - [Consumer clientId=consumer-customersConsumer-1, groupId=customersConsumer] Bootstrap broker localhost:19092 (id: -1 rack: null) disconnected
2024-09-12 15:33:10 [org.springframework.kafka.KafkaListenerEndpointContainer#1-0-C-1] [34mINFO [0;39m o.apache.kafka.clients.NetworkClient - [Consumer clientId=consumer-customersConsumer-4, groupId=customersConsumer] Node -2 disconnected.
2024-09-12 15:33:10 [org.springframework.kafka.KafkaListenerEndpointContainer#1-0-C-1] [31mWARN [0;39m o.apache.kafka.clients.NetworkClient - [Consumer clientId=consumer-customersConsumer-4, groupId=customersConsumer] Connection to node -2 (localhost/127.0.0.1:29092) could not be established. Node may not be available.
2024-09-12 15:33:10 [org.springframework.kafka.KafkaListenerEndpointContainer#1-0-C-1] [31mWARN [0;39m o.apache.kafka.clients.NetworkClient - [Consumer clientId=consumer-customersConsumer-4, groupId=customersConsumer] Bootstrap broker localhost:29092 (id: -2 rack: null) disconnected
2024-09-12 15:33:10 [org.springframework.kafka.KafkaListenerEndpointContainer#3-0-C-1] [34mINFO [0;39m o.apache.kafka.clients.NetworkClient - [Consumer clientId=consumer-customersConsumer-2, groupId=customersConsumer] Node -1 disconnected.
2024-09-12 15:33:10 [org.springframework.kafka.KafkaListenerEndpointContainer#1-0-C-1] [34mINFO [0;39m o.apache.kafka.clients.NetworkClient - [Consumer clientId=consumer-customersConsumer-4, groupId=customersConsumer] Node -1 disconnected.
2024-09-12 15:33:10 [org.springframework.kafka.KafkaListenerEndpointContainer#3-0-C-1] [31mWARN [0;39m o.apache.kafka.clients.NetworkClient - [Consumer clientId=consumer-customersConsumer-2, groupId=customersConsumer] Connection to node -1 (localhost/127.0.0.1:19092) could not be established. Node may not be available.
2024-09-12 15:33:10 [org.springframework.kafka.KafkaListenerEndpointContainer#1-0-C-1] [31mWARN [0;39m o.apache.kafka.clients.NetworkClient - [Consumer clientId=consumer-customersConsumer-4, groupId=customersConsumer] Connection to node -1 (localhost/127.0.0.1:19092) could not be established. Node may not be available.
2024-09-12 15:33:10 [org.springframework.kafka.KafkaListenerEndpointContainer#3-0-C-1] [31mWARN [0;39m o.apache.kafka.clients.NetworkClient - [Consumer clientId=consumer-customersConsumer-2, groupId=customersConsumer] Bootstrap broker localhost:19092 (id: -1 rack: null) disconnected
2024-09-12 15:33:10 [org.springframework.kafka.KafkaListenerEndpointContainer#1-0-C-1] [31mWARN [0;39m o.apache.kafka.clients.NetworkClient - [Consumer clientId=consumer-customersConsumer-4, groupId=customersConsumer] Bootstrap broker localhost:19092 (id: -1 rack: null) disconnected
2024-09-12 15:33:10 [org.springframework.kafka.KafkaListenerEndpointContainer#3-0-C-1] [34mINFO [0;39m o.apache.kafka.clients.NetworkClient - [Consumer clientId=consumer-customersConsumer-2, groupId=customersConsumer] Node -2 disconnected.
2024-09-12 15:33:10 [org.springframework.kafka.KafkaListenerEndpointContainer#3-0-C-1] [31mWARN [0;39m o.apache.kafka.clients.NetworkClient - [Consumer clientId=consumer-customersConsumer-2, groupId=customersConsumer] Connection to node -2 (localhost/127.0.0.1:29092) could not be established. Node may not be available.
2024-09-12 15:33:10 [org.springframework.kafka.KafkaListenerEndpointContainer#3-0-C-1] [31mWARN [0;39m o.apache.kafka.clients.NetworkClient - [Consumer clientId=consumer-customersConsumer-2, groupId=customersConsumer] Bootstrap broker localhost:29092 (id: -2 rack: null) disconnected
2024-09-12 15:33:10 [org.springframework.kafka.KafkaListenerEndpointContainer#0-0-C-1] [34mINFO [0;39m o.apache.kafka.clients.NetworkClient - [Consumer clientId=consumer-customersConsumer-3, groupId=customersConsumer] Node -2 disconnected.
2024-09-12 15:33:10 [org.springframework.kafka.KafkaListenerEndpointContainer#0-0-C-1] [31mWARN [0;39m o.apache.kafka.clients.NetworkClient - [Consumer clientId=consumer-customersConsumer-3, groupId=customersConsumer] Connection to node -2 (localhost/127.0.0.1:29092) could not be established. Node may not be available.
2024-09-12 15:33:10 [org.springframework.kafka.KafkaListenerEndpointContainer#0-0-C-1] [31mWARN [0;39m o.apache.kafka.clients.NetworkClient - [Consumer clientId=consumer-customersConsumer-3, groupId=customersConsumer] Bootstrap broker localhost:29092 (id: -2 rack: null) disconnected
2024-09-12 15:33:10 [org.springframework.kafka.KafkaListenerEndpointContainer#2-0-C-1] [34mINFO [0;39m o.apache.kafka.clients.NetworkClient - [Consumer clientId=consumer-customersConsumer-1, groupId=customersConsumer] Node -2 disconnected.
2024-09-12 15:33:10 [org.springframework.kafka.KafkaListenerEndpointContainer#2-0-C-1] [31mWARN [0;39m o.apache.kafka.clients.NetworkClient - [Consumer clientId=consumer-customersConsumer-1, groupId=customersConsumer] Connection to node -2 (localhost/127.0.0.1:29092) could not be established. Node may not be available.
2024-09-12 15:33:10 [org.springframework.kafka.KafkaListenerEndpointContainer#2-0-C-1] [31mWARN [0;39m o.apache.kafka.clients.NetworkClient - [Consumer clientId=consumer-customersConsumer-1, groupId=customersConsumer] Bootstrap broker localhost:29092 (id: -2 rack: null) disconnected
2024-09-12 15:33:10 [org.springframework.kafka.KafkaListenerEndpointContainer#3-0-C-1] [34mINFO [0;39m o.apache.kafka.clients.NetworkClient - [Consumer clientId=consumer-customersConsumer-2, groupId=customersConsumer] Node -1 disconnected.
2024-09-12 15:33:10 [org.springframework.kafka.KafkaListenerEndpointContainer#3-0-C-1] [31mWARN [0;39m o.apache.kafka.clients.NetworkClient - [Consumer clientId=consumer-customersConsumer-2, groupId=customersConsumer] Connection to node -1 (localhost/127.0.0.1:19092) could not be established. Node may not be available.
2024-09-12 15:33:10 [org.springframework.kafka.KafkaListenerEndpointContainer#3-0-C-1] [31mWARN [0;39m o.apache.kafka.clients.NetworkClient - [Consumer clientId=consumer-customersConsumer-2, groupId=customersConsumer] Bootstrap broker localhost:19092 (id: -1 rack: null) disconnected
2024-09-12 15:33:10 [org.springframework.kafka.KafkaListenerEndpointContainer#0-0-C-1] [34mINFO [0;39m o.apache.kafka.clients.NetworkClient - [Consumer clientId=consumer-customersConsumer-3, groupId=customersConsumer] Node -1 disconnected.
2024-09-12 15:33:10 [org.springframework.kafka.KafkaListenerEndpointContainer#0-0-C-1] [31mWARN [0;39m o.apache.kafka.clients.NetworkClient - [Consumer clientId=consumer-customersConsumer-3, groupId=customersConsumer] Connection to node -1 (localhost/127.0.0.1:19092) could not be established. Node may not be available.
2024-09-12 15:33:10 [org.springframework.kafka.KafkaListenerEndpointContainer#0-0-C-1] [31mWARN [0;39m o.apache.kafka.clients.NetworkClient - [Consumer clientId=consumer-customersConsumer-3, groupId=customersConsumer] Bootstrap broker localhost:19092 (id: -1 rack: null) disconnected
2024-09-12 15:33:10 [org.springframework.kafka.KafkaListenerEndpointContainer#2-0-C-1] [34mINFO [0;39m o.apache.kafka.clients.NetworkClient - [Consumer clientId=consumer-customersConsumer-1, groupId=customersConsumer] Node -1 disconnected.
2024-09-12 15:33:10 [org.springframework.kafka.KafkaListenerEndpointContainer#2-0-C-1] [31mWARN [0;39m o.apache.kafka.clients.NetworkClient - [Consumer clientId=consumer-customersConsumer-1, groupId=customersConsumer] Connection to node -1 (localhost/127.0.0.1:19092) could not be established. Node may not be available.
2024-09-12 15:33:10 [org.springframework.kafka.KafkaListenerEndpointContainer#2-0-C-1] [31mWARN [0;39m o.apache.kafka.clients.NetworkClient - [Consumer clientId=consumer-customersConsumer-1, groupId=customersConsumer] Bootstrap broker localhost:19092 (id: -1 rack: null) disconnected
2024-09-12 15:33:10 [org.springframework.kafka.KafkaListenerEndpointContainer#1-0-C-1] [34mINFO [0;39m o.apache.kafka.clients.NetworkClient - [Consumer clientId=consumer-customersConsumer-4, groupId=customersConsumer] Node -2 disconnected.
2024-09-12 15:33:10 [org.springframework.kafka.KafkaListenerEndpointContainer#3-0-C-1] [34mINFO [0;39m o.apache.kafka.clients.NetworkClient - [Consumer clientId=consumer-customersConsumer-2, groupId=customersConsumer] Node -2 disconnected.
2024-09-12 15:33:10 [org.springframework.kafka.KafkaListenerEndpointContainer#3-0-C-1] [31mWARN [0;39m o.apache.kafka.clients.NetworkClient - [Consumer clientId=consumer-customersConsumer-2, groupId=customersConsumer] Connection to node -2 (localhost/127.0.0.1:29092) could not be established. Node may not be available.
2024-09-12 15:33:10 [org.springframework.kafka.KafkaListenerEndpointContainer#3-0-C-1] [31mWARN [0;39m o.apache.kafka.clients.NetworkClient - [Consumer clientId=consumer-customersConsumer-2, groupId=customersConsumer] Bootstrap broker localhost:29092 (id: -2 rack: null) disconnected
2024-09-12 15:33:10 [org.springframework.kafka.KafkaListenerEndpointContainer#1-0-C-1] [31mWARN [0;39m o.apache.kafka.clients.NetworkClient - [Consumer clientId=consumer-customersConsumer-4, groupId=customersConsumer] Connection to node -2 (localhost/127.0.0.1:29092) could not be established. Node may not be available.
2024-09-12 15:33:10 [org.springframework.kafka.KafkaListenerEndpointContainer#1-0-C-1] [31mWARN [0;39m o.apache.kafka.clients.NetworkClient - [Consumer clientId=consumer-customersConsumer-4, groupId=customersConsumer] Bootstrap broker localhost:29092 (id: -2 rack: null) disconnected
2024-09-12 15:33:10 [org.springframework.kafka.KafkaListenerEndpointContainer#1-0-C-1] [34mINFO [0;39m o.apache.kafka.clients.NetworkClient - [Consumer clientId=consumer-customersConsumer-4, groupId=customersConsumer] Node -1 disconnected.
2024-09-12 15:33:10 [org.springframework.kafka.KafkaListenerEndpointContainer#1-0-C-1] [31mWARN [0;39m o.apache.kafka.clients.NetworkClient - [Consumer clientId=consumer-customersConsumer-4, groupId=customersConsumer] Connection to node -1 (localhost/127.0.0.1:19092) could not be established. Node may not be available.
2024-09-12 15:33:10 [org.springframework.kafka.KafkaListenerEndpointContainer#1-0-C-1] [31mWARN [0;39m o.apache.kafka.clients.NetworkClient - [Consumer clientId=consumer-customersConsumer-4, groupId=customersConsumer] Bootstrap broker localhost:19092 (id: -1 rack: null) disconnected
2024-09-12 15:33:10 [org.springframework.kafka.KafkaListenerEndpointContainer#0-0-C-1] [34mINFO [0;39m o.apache.kafka.clients.NetworkClient - [Consumer clientId=consumer-customersConsumer-3, groupId=customersConsumer] Node -2 disconnected.
2024-09-12 15:33:10 [org.springframework.kafka.KafkaListenerEndpointContainer#0-0-C-1] [31mWARN [0;39m o.apache.kafka.clients.NetworkClient - [Consumer clientId=consumer-customersConsumer-3, groupId=customersConsumer] Connection to node -2 (localhost/127.0.0.1:29092) could not be established. Node may not be available.
2024-09-12 15:33:10 [org.springframework.kafka.KafkaListenerEndpointContainer#0-0-C-1] [31mWARN [0;39m o.apache.kafka.clients.NetworkClient - [Consumer clientId=consumer-customersConsumer-3, groupId=customersConsumer] Bootstrap broker localhost:29092 (id: -2 rack: null) disconnected
2024-09-12 15:33:10 [org.springframework.kafka.KafkaListenerEndpointContainer#2-0-C-1] [34mINFO [0;39m o.apache.kafka.clients.NetworkClient - [Consumer clientId=consumer-customersConsumer-1, groupId=customersConsumer] Node -2 disconnected.
2024-09-12 15:33:10 [org.springframework.kafka.KafkaListenerEndpointContainer#2-0-C-1] [31mWARN [0;39m o.apache.kafka.clients.NetworkClient - [Consumer clientId=consumer-customersConsumer-1, groupId=customersConsumer] Connection to node -2 (localhost/127.0.0.1:29092) could not be established. Node may not be available.
2024-09-12 15:33:10 [org.springframework.kafka.KafkaListenerEndpointContainer#2-0-C-1] [31mWARN [0;39m o.apache.kafka.clients.NetworkClient - [Consumer clientId=consumer-customersConsumer-1, groupId=customersConsumer] Bootstrap broker localhost:29092 (id: -2 rack: null) disconnected
2024-09-12 15:33:10 [org.springframework.kafka.KafkaListenerEndpointContainer#3-0-C-1] [34mINFO [0;39m o.apache.kafka.clients.NetworkClient - [Consumer clientId=consumer-customersConsumer-2, groupId=customersConsumer] Node -1 disconnected.
2024-09-12 15:33:10 [org.springframework.kafka.KafkaListenerEndpointContainer#3-0-C-1] [31mWARN [0;39m o.apache.kafka.clients.NetworkClient - [Consumer clientId=consumer-customersConsumer-2, groupId=customersConsumer] Connection to node -1 (localhost/127.0.0.1:19092) could not be established. Node may not be available.
2024-09-12 15:33:10 [org.springframework.kafka.KafkaListenerEndpointContainer#3-0-C-1] [31mWARN [0;39m o.apache.kafka.clients.NetworkClient - [Consumer clientId=consumer-customersConsumer-2, groupId=customersConsumer] Bootstrap broker localhost:19092 (id: -1 rack: null) disconnected
2024-09-12 15:33:10 [org.springframework.kafka.KafkaListenerEndpointContainer#1-0-C-1] [34mINFO [0;39m o.apache.kafka.clients.NetworkClient - [Consumer clientId=consumer-customersConsumer-4, groupId=customersConsumer] Node -2 disconnected.
2024-09-12 15:33:10 [org.springframework.kafka.KafkaListenerEndpointContainer#1-0-C-1] [31mWARN [0;39m o.apache.kafka.clients.NetworkClient - [Consumer clientId=consumer-customersConsumer-4, groupId=customersConsumer] Connection to node -2 (localhost/127.0.0.1:29092) could not be established. Node may not be available.
2024-09-12 15:33:10 [org.springframework.kafka.KafkaListenerEndpointContainer#1-0-C-1] [31mWARN [0;39m o.apache.kafka.clients.NetworkClient - [Consumer clientId=consumer-customersConsumer-4, groupId=customersConsumer] Bootstrap broker localhost:29092 (id: -2 rack: null) disconnected
2024-09-12 15:33:10 [org.springframework.kafka.KafkaListenerEndpointContainer#0-0-C-1] [34mINFO [0;39m o.apache.kafka.clients.NetworkClient - [Consumer clientId=consumer-customersConsumer-3, groupId=customersConsumer] Node -1 disconnected.
2024-09-12 15:33:10 [org.springframework.kafka.KafkaListenerEndpointContainer#0-0-C-1] [31mWARN [0;39m o.apache.kafka.clients.NetworkClient - [Consumer clientId=consumer-customersConsumer-3, groupId=customersConsumer] Connection to node -1 (localhost/127.0.0.1:19092) could not be established. Node may not be available.
2024-09-12 15:33:10 [org.springframework.kafka.KafkaListenerEndpointContainer#0-0-C-1] [31mWARN [0;39m o.apache.kafka.clients.NetworkClient - [Consumer clientId=consumer-customersConsumer-3, groupId=customersConsumer] Bootstrap broker localhost:19092 (id: -1 rack: null) disconnected
2024-09-12 15:33:10 [org.springframework.kafka.KafkaListenerEndpointContainer#1-0-C-1] [34mINFO [0;39m o.apache.kafka.clients.NetworkClient - [Consumer clientId=consumer-customersConsumer-4, groupId=customersConsumer] Node -1 disconnected.
2024-09-12 15:33:10 [org.springframework.kafka.KafkaListenerEndpointContainer#1-0-C-1] [31mWARN [0;39m o.apache.kafka.clients.NetworkClient - [Consumer clientId=consumer-customersConsumer-4, groupId=customersConsumer] Connection to node -1 (localhost/127.0.0.1:19092) could not be established. Node may not be available.
2024-09-12 15:33:10 [org.springframework.kafka.KafkaListenerEndpointContainer#1-0-C-1] [31mWARN [0;39m o.apache.kafka.clients.NetworkClient - [Consumer clientId=consumer-customersConsumer-4, groupId=customersConsumer] Bootstrap broker localhost:19092 (id: -1 rack: null) disconnected
2024-09-12 15:33:10 [org.springframework.kafka.KafkaListenerEndpointContainer#2-0-C-1] [34mINFO [0;39m o.apache.kafka.clients.NetworkClient - [Consumer clientId=consumer-customersConsumer-1, groupId=customersConsumer] Node -1 disconnected.
2024-09-12 15:33:10 [org.springframework.kafka.KafkaListenerEndpointContainer#2-0-C-1] [31mWARN [0;39m o.apache.kafka.clients.NetworkClient - [Consumer clientId=consumer-customersConsumer-1, groupId=customersConsumer] Connection to node -1 (localhost/127.0.0.1:19092) could not be established. Node may not be available.
2024-09-12 15:33:10 [org.springframework.kafka.KafkaListenerEndpointContainer#2-0-C-1] [31mWARN [0;39m o.apache.kafka.clients.NetworkClient - [Consumer clientId=consumer-customersConsumer-1, groupId=customersConsumer] Bootstrap broker localhost:19092 (id: -1 rack: null) disconnected
2024-09-12 15:33:10 [org.springframework.kafka.KafkaListenerEndpointContainer#0-0-C-1] [34mINFO [0;39m o.apache.kafka.clients.NetworkClient - [Consumer clientId=consumer-customersConsumer-3, groupId=customersConsumer] Node -2 disconnected.
2024-09-12 15:33:10 [org.springframework.kafka.KafkaListenerEndpointContainer#0-0-C-1] [31mWARN [0;39m o.apache.kafka.clients.NetworkClient - [Consumer clientId=consumer-customersConsumer-3, groupId=customersConsumer] Connection to node -2 (localhost/127.0.0.1:29092) could not be established. Node may not be available.
2024-09-12 15:33:10 [org.springframework.kafka.KafkaListenerEndpointContainer#0-0-C-1] [31mWARN [0;39m o.apache.kafka.clients.NetworkClient - [Consumer clientId=consumer-customersConsumer-3, groupId=customersConsumer] Bootstrap broker localhost:29092 (id: -2 rack: null) disconnected
2024-09-12 15:33:10 [org.springframework.kafka.KafkaListenerEndpointContainer#3-0-C-1] [34mINFO [0;39m o.apache.kafka.clients.NetworkClient - [Consumer clientId=consumer-customersConsumer-2, groupId=customersConsumer] Node -2 disconnected.
2024-09-12 15:33:10 [org.springframework.kafka.KafkaListenerEndpointContainer#3-0-C-1] [31mWARN [0;39m o.apache.kafka.clients.NetworkClient - [Consumer clientId=consumer-customersConsumer-2, groupId=customersConsumer] Connection to node -2 (localhost/127.0.0.1:29092) could not be established. Node may not be available.
2024-09-12 15:33:10 [org.springframework.kafka.KafkaListenerEndpointContainer#3-0-C-1] [31mWARN [0;39m o.apache.kafka.clients.NetworkClient - [Consumer clientId=consumer-customersConsumer-2, groupId=customersConsumer] Bootstrap broker localhost:29092 (id: -2 rack: null) disconnected
2024-09-12 15:33:10 [org.springframework.kafka.KafkaListenerEndpointContainer#2-0-C-1] [34mINFO [0;39m o.apache.kafka.clients.NetworkClient - [Consumer clientId=consumer-customersConsumer-1, groupId=customersConsumer] Node -2 disconnected.
2024-09-12 15:33:10 [org.springframework.kafka.KafkaListenerEndpointContainer#2-0-C-1] [31mWARN [0;39m o.apache.kafka.clients.NetworkClient - [Consumer clientId=consumer-customersConsumer-1, groupId=customersConsumer] Connection to node -2 (localhost/127.0.0.1:29092) could not be established. Node may not be available.
2024-09-12 15:33:10 [org.springframework.kafka.KafkaListenerEndpointContainer#2-0-C-1] [31mWARN [0;39m o.apache.kafka.clients.NetworkClient - [Consumer clientId=consumer-customersConsumer-1, groupId=customersConsumer] Bootstrap broker localhost:29092 (id: -2 rack: null) disconnected
2024-09-12 15:33:10 [org.springframework.kafka.KafkaListenerEndpointContainer#3-0-C-1] [34mINFO [0;39m o.apache.kafka.clients.NetworkClient - [Consumer clientId=consumer-customersConsumer-2, groupId=customersConsumer] Node -1 disconnected.
2024-09-12 15:33:10 [org.springframework.kafka.KafkaListenerEndpointContainer#3-0-C-1] [31mWARN [0;39m o.apache.kafka.clients.NetworkClient - [Consumer clientId=consumer-customersConsumer-2, groupId=customersConsumer] Connection to node -1 (localhost/127.0.0.1:19092) could not be established. Node may not be available.
2024-09-12 15:33:10 [org.springframework.kafka.KafkaListenerEndpointContainer#3-0-C-1] [31mWARN [0;39m o.apache.kafka.clients.NetworkClient - [Consumer clientId=consumer-customersConsumer-2, groupId=customersConsumer] Bootstrap broker localhost:19092 (id: -1 rack: null) disconnected
2024-09-12 15:33:10 [org.springframework.kafka.KafkaListenerEndpointContainer#1-0-C-1] [34mINFO [0;39m o.apache.kafka.clients.NetworkClient - [Consumer clientId=consumer-customersConsumer-4, groupId=customersConsumer] Node -2 disconnected.
2024-09-12 15:33:10 [org.springframework.kafka.KafkaListenerEndpointContainer#1-0-C-1] [31mWARN [0;39m o.apache.kafka.clients.NetworkClient - [Consumer clientId=consumer-customersConsumer-4, groupId=customersConsumer] Connection to node -2 (localhost/127.0.0.1:29092) could not be established. Node may not be available.
2024-09-12 15:33:10 [org.springframework.kafka.KafkaListenerEndpointContainer#1-0-C-1] [31mWARN [0;39m o.apache.kafka.clients.NetworkClient - [Consumer clientId=consumer-customersConsumer-4, groupId=customersConsumer] Bootstrap broker localhost:29092 (id: -2 rack: null) disconnected
2024-09-12 15:33:10 [org.springframework.kafka.KafkaListenerEndpointContainer#0-0-C-1] [34mINFO [0;39m o.apache.kafka.clients.NetworkClient - [Consumer clientId=consumer-customersConsumer-3, groupId=customersConsumer] Node -1 disconnected.
2024-09-12 15:33:10 [org.springframework.kafka.KafkaListenerEndpointContainer#1-0-C-1] [34mINFO [0;39m o.apache.kafka.clients.NetworkClient - [Consumer clientId=consumer-customersConsumer-4, groupId=customersConsumer] Node -1 disconnected.
2024-09-12 15:33:10 [org.springframework.kafka.KafkaListenerEndpointContainer#0-0-C-1] [31mWARN [0;39m o.apache.kafka.clients.NetworkClient - [Consumer clientId=consumer-customersConsumer-3, groupId=customersConsumer] Connection to node -1 (localhost/127.0.0.1:19092) could not be established. Node may not be available.
2024-09-12 15:33:10 [org.springframework.kafka.KafkaListenerEndpointContainer#1-0-C-1] [31mWARN [0;39m o.apache.kafka.clients.NetworkClient - [Consumer clientId=consumer-customersConsumer-4, groupId=customersConsumer] Connection to node -1 (localhost/127.0.0.1:19092) could not be established. Node may not be available.
2024-09-12 15:33:10 [org.springframework.kafka.KafkaListenerEndpointContainer#0-0-C-1] [31mWARN [0;39m o.apache.kafka.clients.NetworkClient - [Consumer clientId=consumer-customersConsumer-3, groupId=customersConsumer] Bootstrap broker localhost:19092 (id: -1 rack: null) disconnected
2024-09-12 15:33:10 [org.springframework.kafka.KafkaListenerEndpointContainer#1-0-C-1] [31mWARN [0;39m o.apache.kafka.clients.NetworkClient - [Consumer clientId=consumer-customersConsumer-4, groupId=customersConsumer] Bootstrap broker localhost:19092 (id: -1 rack: null) disconnected
2024-09-12 15:33:10 [org.springframework.kafka.KafkaListenerEndpointContainer#0-0-C-1] [34mINFO [0;39m o.apache.kafka.clients.NetworkClient - [Consumer clientId=consumer-customersConsumer-3, groupId=customersConsumer] Node -2 disconnected.
2024-09-12 15:33:10 [org.springframework.kafka.KafkaListenerEndpointContainer#0-0-C-1] [31mWARN [0;39m o.apache.kafka.clients.NetworkClient - [Consumer clientId=consumer-customersConsumer-3, groupId=customersConsumer] Connection to node -2 (localhost/127.0.0.1:29092) could not be established. Node may not be available.
2024-09-12 15:33:10 [org.springframework.kafka.KafkaListenerEndpointContainer#0-0-C-1] [31mWARN [0;39m o.apache.kafka.clients.NetworkClient - [Consumer clientId=consumer-customersConsumer-3, groupId=customersConsumer] Bootstrap broker localhost:29092 (id: -2 rack: null) disconnected
2024-09-12 15:33:10 [org.springframework.kafka.KafkaListenerEndpointContainer#2-0-C-1] [34mINFO [0;39m o.apache.kafka.clients.NetworkClient - [Consumer clientId=consumer-customersConsumer-1, groupId=customersConsumer] Node -1 disconnected.
2024-09-12 15:33:10 [org.springframework.kafka.KafkaListenerEndpointContainer#2-0-C-1] [31mWARN [0;39m o.apache.kafka.clients.NetworkClient - [Consumer clientId=consumer-customersConsumer-1, groupId=customersConsumer] Connection to node -1 (localhost/127.0.0.1:19092) could not be established. Node may not be available.
2024-09-12 15:33:10 [org.springframework.kafka.KafkaListenerEndpointContainer#2-0-C-1] [31mWARN [0;39m o.apache.kafka.clients.NetworkClient - [Consumer clientId=consumer-customersConsumer-1, groupId=customersConsumer] Bootstrap broker localhost:19092 (id: -1 rack: null) disconnected
2024-09-12 15:33:11 [org.springframework.kafka.KafkaListenerEndpointContainer#3-0-C-1] [34mINFO [0;39m o.apache.kafka.clients.NetworkClient - [Consumer clientId=consumer-customersConsumer-2, groupId=customersConsumer] Node -2 disconnected.
2024-09-12 15:33:11 [org.springframework.kafka.KafkaListenerEndpointContainer#3-0-C-1] [31mWARN [0;39m o.apache.kafka.clients.NetworkClient - [Consumer clientId=consumer-customersConsumer-2, groupId=customersConsumer] Connection to node -2 (localhost/127.0.0.1:29092) could not be established. Node may not be available.
2024-09-12 15:33:11 [org.springframework.kafka.KafkaListenerEndpointContainer#3-0-C-1] [31mWARN [0;39m o.apache.kafka.clients.NetworkClient - [Consumer clientId=consumer-customersConsumer-2, groupId=customersConsumer] Bootstrap broker localhost:29092 (id: -2 rack: null) disconnected
2024-09-12 15:33:11 [org.springframework.kafka.KafkaListenerEndpointContainer#2-0-C-1] [34mINFO [0;39m o.apache.kafka.clients.NetworkClient - [Consumer clientId=consumer-customersConsumer-1, groupId=customersConsumer] Node -2 disconnected.
2024-09-12 15:33:11 [org.springframework.kafka.KafkaListenerEndpointContainer#2-0-C-1] [31mWARN [0;39m o.apache.kafka.clients.NetworkClient - [Consumer clientId=consumer-customersConsumer-1, groupId=customersConsumer] Connection to node -2 (localhost/127.0.0.1:29092) could not be established. Node may not be available.
2024-09-12 15:33:11 [org.springframework.kafka.KafkaListenerEndpointContainer#2-0-C-1] [31mWARN [0;39m o.apache.kafka.clients.NetworkClient - [Consumer clientId=consumer-customersConsumer-1, groupId=customersConsumer] Bootstrap broker localhost:29092 (id: -2 rack: null) disconnected
2024-09-12 15:33:11 [org.springframework.kafka.KafkaListenerEndpointContainer#0-0-C-1] [34mINFO [0;39m o.a.k.c.c.i.ConsumerCoordinator - [Consumer clientId=consumer-customersConsumer-3, groupId=customersConsumer] Resetting generation and member id due to: consumer pro-actively leaving the group
2024-09-12 15:33:11 [org.springframework.kafka.KafkaListenerEndpointContainer#3-0-C-1] [34mINFO [0;39m o.a.k.c.c.i.ConsumerCoordinator - [Consumer clientId=consumer-customersConsumer-2, groupId=customersConsumer] Resetting generation and member id due to: consumer pro-actively leaving the group
2024-09-12 15:33:11 [org.springframework.kafka.KafkaListenerEndpointContainer#1-0-C-1] [34mINFO [0;39m o.a.k.c.c.i.ConsumerCoordinator - [Consumer clientId=consumer-customersConsumer-4, groupId=customersConsumer] Resetting generation and member id due to: consumer pro-actively leaving the group
2024-09-12 15:33:11 [org.springframework.kafka.KafkaListenerEndpointContainer#0-0-C-1] [34mINFO [0;39m o.a.k.c.c.i.ConsumerCoordinator - [Consumer clientId=consumer-customersConsumer-3, groupId=customersConsumer] Request joining group due to: consumer pro-actively leaving the group
2024-09-12 15:33:11 [org.springframework.kafka.KafkaListenerEndpointContainer#2-0-C-1] [34mINFO [0;39m o.a.k.c.c.i.ConsumerCoordinator - [Consumer clientId=consumer-customersConsumer-1, groupId=customersConsumer] Resetting generation and member id due to: consumer pro-actively leaving the group
2024-09-12 15:33:11 [org.springframework.kafka.KafkaListenerEndpointContainer#3-0-C-1] [34mINFO [0;39m o.a.k.c.c.i.ConsumerCoordinator - [Consumer clientId=consumer-customersConsumer-2, groupId=customersConsumer] Request joining group due to: consumer pro-actively leaving the group
2024-09-12 15:33:11 [org.springframework.kafka.KafkaListenerEndpointContainer#0-0-C-1] [34mINFO [0;39m o.a.k.c.c.i.LegacyKafkaConsumer - [Consumer clientId=consumer-customersConsumer-3, groupId=customersConsumer] Unsubscribed all topics or patterns and assigned partitions
2024-09-12 15:33:11 [org.springframework.kafka.KafkaListenerEndpointContainer#1-0-C-1] [34mINFO [0;39m o.a.k.c.c.i.ConsumerCoordinator - [Consumer clientId=consumer-customersConsumer-4, groupId=customersConsumer] Request joining group due to: consumer pro-actively leaving the group
2024-09-12 15:33:11 [org.springframework.kafka.KafkaListenerEndpointContainer#2-0-C-1] [34mINFO [0;39m o.a.k.c.c.i.ConsumerCoordinator - [Consumer clientId=consumer-customersConsumer-1, groupId=customersConsumer] Request joining group due to: consumer pro-actively leaving the group
2024-09-12 15:33:11 [org.springframework.kafka.KafkaListenerEndpointContainer#1-0-C-1] [34mINFO [0;39m o.a.k.c.c.i.LegacyKafkaConsumer - [Consumer clientId=consumer-customersConsumer-4, groupId=customersConsumer] Unsubscribed all topics or patterns and assigned partitions
2024-09-12 15:33:11 [org.springframework.kafka.KafkaListenerEndpointContainer#2-0-C-1] [34mINFO [0;39m o.a.k.c.c.i.LegacyKafkaConsumer - [Consumer clientId=consumer-customersConsumer-1, groupId=customersConsumer] Unsubscribed all topics or patterns and assigned partitions
2024-09-12 15:33:11 [org.springframework.kafka.KafkaListenerEndpointContainer#3-0-C-1] [34mINFO [0;39m o.a.k.c.c.i.LegacyKafkaConsumer - [Consumer clientId=consumer-customersConsumer-2, groupId=customersConsumer] Unsubscribed all topics or patterns and assigned partitions
2024-09-12 15:33:11 [org.springframework.kafka.KafkaListenerEndpointContainer#1-0-C-1] [34mINFO [0;39m o.a.k.c.c.i.ConsumerCoordinator - [Consumer clientId=consumer-customersConsumer-4, groupId=customersConsumer] Resetting generation and member id due to: consumer pro-actively leaving the group
2024-09-12 15:33:11 [org.springframework.kafka.KafkaListenerEndpointContainer#3-0-C-1] [34mINFO [0;39m o.a.k.c.c.i.ConsumerCoordinator - [Consumer clientId=consumer-customersConsumer-2, groupId=customersConsumer] Resetting generation and member id due to: consumer pro-actively leaving the group
2024-09-12 15:33:11 [org.springframework.kafka.KafkaListenerEndpointContainer#2-0-C-1] [34mINFO [0;39m o.a.k.c.c.i.ConsumerCoordinator - [Consumer clientId=consumer-customersConsumer-1, groupId=customersConsumer] Resetting generation and member id due to: consumer pro-actively leaving the group
2024-09-12 15:33:11 [org.springframework.kafka.KafkaListenerEndpointContainer#0-0-C-1] [34mINFO [0;39m o.a.k.c.c.i.ConsumerCoordinator - [Consumer clientId=consumer-customersConsumer-3, groupId=customersConsumer] Resetting generation and member id due to: consumer pro-actively leaving the group
2024-09-12 15:33:11 [org.springframework.kafka.KafkaListenerEndpointContainer#3-0-C-1] [34mINFO [0;39m o.a.k.c.c.i.ConsumerCoordinator - [Consumer clientId=consumer-customersConsumer-2, groupId=customersConsumer] Request joining group due to: consumer pro-actively leaving the group
2024-09-12 15:33:11 [org.springframework.kafka.KafkaListenerEndpointContainer#1-0-C-1] [34mINFO [0;39m o.a.k.c.c.i.ConsumerCoordinator - [Consumer clientId=consumer-customersConsumer-4, groupId=customersConsumer] Request joining group due to: consumer pro-actively leaving the group
2024-09-12 15:33:11 [org.springframework.kafka.KafkaListenerEndpointContainer#2-0-C-1] [34mINFO [0;39m o.a.k.c.c.i.ConsumerCoordinator - [Consumer clientId=consumer-customersConsumer-1, groupId=customersConsumer] Request joining group due to: consumer pro-actively leaving the group
2024-09-12 15:33:11 [org.springframework.kafka.KafkaListenerEndpointContainer#0-0-C-1] [34mINFO [0;39m o.a.k.c.c.i.ConsumerCoordinator - [Consumer clientId=consumer-customersConsumer-3, groupId=customersConsumer] Request joining group due to: consumer pro-actively leaving the group
2024-09-12 15:33:11 [org.springframework.kafka.KafkaListenerEndpointContainer#1-0-C-1] [34mINFO [0;39m o.a.kafka.common.metrics.Metrics - Metrics scheduler closed
2024-09-12 15:33:11 [org.springframework.kafka.KafkaListenerEndpointContainer#0-0-C-1] [34mINFO [0;39m o.a.kafka.common.metrics.Metrics - Metrics scheduler closed
2024-09-12 15:33:11 [org.springframework.kafka.KafkaListenerEndpointContainer#3-0-C-1] [34mINFO [0;39m o.a.kafka.common.metrics.Metrics - Metrics scheduler closed
2024-09-12 15:33:11 [org.springframework.kafka.KafkaListenerEndpointContainer#2-0-C-1] [34mINFO [0;39m o.a.kafka.common.metrics.Metrics - Metrics scheduler closed
2024-09-12 15:33:11 [org.springframework.kafka.KafkaListenerEndpointContainer#0-0-C-1] [34mINFO [0;39m o.a.kafka.common.metrics.Metrics - Closing reporter org.apache.kafka.common.metrics.JmxReporter
2024-09-12 15:33:11 [org.springframework.kafka.KafkaListenerEndpointContainer#1-0-C-1] [34mINFO [0;39m o.a.kafka.common.metrics.Metrics - Closing reporter org.apache.kafka.common.metrics.JmxReporter
2024-09-12 15:33:11 [org.springframework.kafka.KafkaListenerEndpointContainer#3-0-C-1] [34mINFO [0;39m o.a.kafka.common.metrics.Metrics - Closing reporter org.apache.kafka.common.metrics.JmxReporter
2024-09-12 15:33:11 [org.springframework.kafka.KafkaListenerEndpointContainer#2-0-C-1] [34mINFO [0;39m o.a.kafka.common.metrics.Metrics - Closing reporter org.apache.kafka.common.metrics.JmxReporter
2024-09-12 15:33:11 [org.springframework.kafka.KafkaListenerEndpointContainer#0-0-C-1] [34mINFO [0;39m o.a.kafka.common.metrics.Metrics - Closing reporter org.apache.kafka.common.telemetry.internals.ClientTelemetryReporter
2024-09-12 15:33:11 [org.springframework.kafka.KafkaListenerEndpointContainer#1-0-C-1] [34mINFO [0;39m o.a.kafka.common.metrics.Metrics - Closing reporter org.apache.kafka.common.telemetry.internals.ClientTelemetryReporter
2024-09-12 15:33:11 [org.springframework.kafka.KafkaListenerEndpointContainer#2-0-C-1] [34mINFO [0;39m o.a.kafka.common.metrics.Metrics - Closing reporter org.apache.kafka.common.telemetry.internals.ClientTelemetryReporter
2024-09-12 15:33:11 [org.springframework.kafka.KafkaListenerEndpointContainer#1-0-C-1] [34mINFO [0;39m o.a.kafka.common.metrics.Metrics - Metrics reporters closed
2024-09-12 15:33:11 [org.springframework.kafka.KafkaListenerEndpointContainer#0-0-C-1] [34mINFO [0;39m o.a.kafka.common.metrics.Metrics - Metrics reporters closed
2024-09-12 15:33:11 [org.springframework.kafka.KafkaListenerEndpointContainer#3-0-C-1] [34mINFO [0;39m o.a.kafka.common.metrics.Metrics - Closing reporter org.apache.kafka.common.telemetry.internals.ClientTelemetryReporter
2024-09-12 15:33:11 [org.springframework.kafka.KafkaListenerEndpointContainer#2-0-C-1] [34mINFO [0;39m o.a.kafka.common.metrics.Metrics - Metrics reporters closed
2024-09-12 15:33:11 [org.springframework.kafka.KafkaListenerEndpointContainer#3-0-C-1] [34mINFO [0;39m o.a.kafka.common.metrics.Metrics - Metrics reporters closed
2024-09-12 15:33:11 [org.springframework.kafka.KafkaListenerEndpointContainer#1-0-C-1] [34mINFO [0;39m o.a.kafka.common.utils.AppInfoParser - App info kafka.consumer for consumer-customersConsumer-4 unregistered
2024-09-12 15:33:11 [org.springframework.kafka.KafkaListenerEndpointContainer#2-0-C-1] [34mINFO [0;39m o.a.kafka.common.utils.AppInfoParser - App info kafka.consumer for consumer-customersConsumer-1 unregistered
2024-09-12 15:33:11 [org.springframework.kafka.KafkaListenerEndpointContainer#1-0-C-1] [34mINFO [0;39m o.s.k.l.KafkaMessageListenerContainer - customersConsumer: Consumer stopped
2024-09-12 15:33:11 [org.springframework.kafka.KafkaListenerEndpointContainer#2-0-C-1] [34mINFO [0;39m o.s.k.l.KafkaMessageListenerContainer - customersConsumer: Consumer stopped
2024-09-12 15:33:11 [org.springframework.kafka.KafkaListenerEndpointContainer#0-0-C-1] [34mINFO [0;39m o.a.kafka.common.utils.AppInfoParser - App info kafka.consumer for consumer-customersConsumer-3 unregistered
2024-09-12 15:33:11 [org.springframework.kafka.KafkaListenerEndpointContainer#0-0-C-1] [34mINFO [0;39m o.s.k.l.KafkaMessageListenerContainer - customersConsumer: Consumer stopped
2024-09-12 15:33:11 [org.springframework.kafka.KafkaListenerEndpointContainer#3-0-C-1] [34mINFO [0;39m o.a.kafka.common.utils.AppInfoParser - App info kafka.consumer for consumer-customersConsumer-2 unregistered
2024-09-12 15:33:11 [org.springframework.kafka.KafkaListenerEndpointContainer#3-0-C-1] [34mINFO [0;39m o.s.k.l.KafkaMessageListenerContainer - customersConsumer: Consumer stopped
2024-09-12 15:49:26 [main] [34mINFO [0;39m c.z.c.service.impl.EventServiceImpl - Event was saved: class: class com.zhigalko.core.event.CreateCustomerEvent, payload: com.zhigalko.core.event.CreateCustomerEvent@762637be
2024-09-12 15:49:26 [main] [34mINFO [0;39m c.z.c.service.impl.EventServiceImpl - Snapshot was created for id: 1
2024-09-12 15:49:41 [main] [34mINFO [0;39m c.z.c.service.impl.EventServiceImpl - Event was saved: class: class com.zhigalko.core.event.CreateCustomerEvent, payload: com.zhigalko.core.event.CreateCustomerEvent@70972170
2024-09-12 15:49:41 [main] [34mINFO [0;39m c.z.c.service.impl.EventServiceImpl - Snapshot was created for id: 1
2024-09-12 15:52:20 [main] [34mINFO [0;39m c.z.c.service.impl.EventServiceImpl - Event was saved: class: class com.zhigalko.core.event.CreateCustomerEvent, payload: com.zhigalko.core.event.CreateCustomerEvent@762637be
2024-09-12 15:52:20 [main] [34mINFO [0;39m c.z.c.service.impl.EventServiceImpl - Snapshot was created for id: 1
2024-09-12 15:52:39 [main] [34mINFO [0;39m c.z.c.service.impl.EventServiceImpl - Event was saved: class: class com.zhigalko.core.event.CreateCustomerEvent, payload: com.zhigalko.core.event.CreateCustomerEvent@762637be
2024-09-12 15:52:39 [main] [34mINFO [0;39m c.z.c.service.impl.EventServiceImpl - Snapshot was created for id: 1
2024-09-12 15:54:29 [main] [34mINFO [0;39m c.z.c.service.impl.EventServiceImpl - Event was saved: class: class com.zhigalko.core.event.CreateCustomerEvent, payload: com.zhigalko.core.event.CreateCustomerEvent@762637be
2024-09-12 15:54:29 [main] [34mINFO [0;39m c.z.c.service.impl.EventServiceImpl - Snapshot was created for id: 1
2024-09-12 15:55:43 [main] [34mINFO [0;39m c.z.c.service.impl.EventServiceImpl - Event was saved: class: class com.zhigalko.core.event.CreateCustomerEvent, payload: com.zhigalko.core.event.CreateCustomerEvent@70972170
2024-09-12 15:55:43 [main] [34mINFO [0;39m c.z.c.service.impl.EventServiceImpl - Snapshot was created for id: 1
2024-09-12 15:57:30 [main] [34mINFO [0;39m c.z.c.service.impl.EventServiceImpl - Event was saved: class: class com.zhigalko.core.event.CreateCustomerEvent, payload: com.zhigalko.core.event.CreateCustomerEvent@70972170
2024-09-12 15:57:30 [main] [34mINFO [0;39m c.z.c.service.impl.EventServiceImpl - Snapshot was created for id: 1
2024-09-12 15:58:28 [main] [34mINFO [0;39m c.z.c.service.impl.EventServiceImpl - Event was saved: class: class com.zhigalko.core.event.CreateCustomerEvent, payload: com.zhigalko.core.event.CreateCustomerEvent@70972170
2024-09-12 15:58:28 [main] [34mINFO [0;39m c.z.c.service.impl.EventServiceImpl - Snapshot was created for id: 1
2024-09-12 16:04:39 [main] [34mINFO [0;39m c.z.c.service.impl.EventServiceImpl - Event was saved: class: class com.zhigalko.core.event.CreateCustomerEvent, payload: com.zhigalko.core.event.CreateCustomerEvent@70972170
2024-09-12 16:04:39 [main] [34mINFO [0;39m c.z.c.service.impl.EventServiceImpl - Snapshot was created for id: 1
2024-09-12 16:24:14 [main] [34mINFO [0;39m c.z.c.service.impl.EventServiceImpl - Event was saved: class: class com.zhigalko.core.event.UpdateCustomerNameEvent, payload: com.zhigalko.core.event.UpdateCustomerNameEvent@119aa36
2024-09-12 16:24:14 [main] [34mINFO [0;39m c.z.c.service.impl.EventServiceImpl - Snapshot was updated for id: 1, version: 2, changed: Tom
